<?xml version="1.0" encoding="UTF-8"?>
<coverage generated="1658341519957" clover="3.2.0">
  <project timestamp="1658341519957" name="All files">
    <metrics statements="335" coveredstatements="138" conditionals="143" coveredconditionals="58" methods="169" coveredmethods="53" elements="647" coveredelements="249" complexity="0" loc="335" ncloc="335" packages="6" files="33" classes="33"/>
    <package name="client.src">
      <metrics statements="2" coveredstatements="2" conditionals="0" coveredconditionals="0" methods="0" coveredmethods="0"/>
      <file name="store.js" path="/home/marzmu/hackreactor/fec/productApp/client/src/store.js">
        <metrics statements="2" coveredstatements="2" conditionals="0" coveredconditionals="0" methods="0" coveredmethods="0"/>
        <line num="7" count="1" type="stmt"/>
        <line num="19" count="1" type="stmt"/>
      </file>
    </package>
    <package name="client.src.components">
      <metrics statements="266" coveredstatements="103" conditionals="107" coveredconditionals="38" methods="140" coveredmethods="42"/>
      <file name="AddtoCart.jsx" path="/home/marzmu/hackreactor/fec/productApp/client/src/components/AddtoCart.jsx">
        <metrics statements="23" coveredstatements="11" conditionals="12" coveredconditionals="5" methods="11" coveredmethods="4"/>
        <line num="5" count="1" type="stmt"/>
        <line num="6" count="1" type="cond" truecount="1" falsecount="1"/>
        <line num="7" count="0" type="stmt"/>
        <line num="8" count="0" type="stmt"/>
        <line num="10" count="0" type="stmt"/>
        <line num="14" count="1" type="cond" truecount="1" falsecount="1"/>
        <line num="15" count="1" type="stmt"/>
        <line num="17" count="1" type="stmt"/>
        <line num="18" count="1" type="stmt"/>
        <line num="24" count="0" type="stmt"/>
        <line num="25" count="0" type="cond" truecount="0" falsecount="2"/>
        <line num="26" count="0" type="stmt"/>
        <line num="27" count="0" type="stmt"/>
        <line num="30" count="0" type="stmt"/>
        <line num="36" count="1" type="stmt"/>
        <line num="39" count="0" type="stmt"/>
        <line num="40" count="0" type="stmt"/>
        <line num="44" count="1" type="stmt"/>
        <line num="84" count="2" type="stmt"/>
        <line num="85" count="1" type="stmt"/>
        <line num="90" count="1" type="stmt"/>
        <line num="92" count="0" type="stmt"/>
        <line num="93" count="0" type="stmt"/>
      </file>
      <file name="Answer.jsx" path="/home/marzmu/hackreactor/fec/productApp/client/src/components/Answer.jsx">
        <metrics statements="13" coveredstatements="0" conditionals="4" coveredconditionals="0" methods="3" coveredmethods="0"/>
        <line num="9" count="0" type="stmt"/>
        <line num="10" count="0" type="stmt"/>
        <line num="11" count="0" type="stmt"/>
        <line num="13" count="0" type="stmt"/>
        <line num="14" count="0" type="stmt"/>
        <line num="15" count="0" type="stmt"/>
        <line num="16" count="0" type="stmt"/>
        <line num="19" count="0" type="stmt"/>
        <line num="20" count="0" type="stmt"/>
        <line num="21" count="0" type="stmt"/>
        <line num="24" count="0" type="cond" truecount="0" falsecount="2"/>
        <line num="32" count="0" type="cond" truecount="0" falsecount="2"/>
        <line num="36" count="0" type="stmt"/>
      </file>
      <file name="App.jsx" path="/home/marzmu/hackreactor/fec/productApp/client/src/components/App.jsx">
        <metrics statements="1" coveredstatements="1" conditionals="0" coveredconditionals="0" methods="1" coveredmethods="1"/>
        <line num="11" count="1" type="stmt"/>
      </file>
      <file name="Gallery.jsx" path="/home/marzmu/hackreactor/fec/productApp/client/src/components/Gallery.jsx">
        <metrics statements="27" coveredstatements="10" conditionals="12" coveredconditionals="3" methods="12" coveredmethods="3"/>
        <line num="7" count="2" type="stmt"/>
        <line num="8" count="2" type="stmt"/>
        <line num="13" count="1" type="stmt"/>
        <line num="14" count="1" type="stmt"/>
        <line num="15" count="1" type="stmt"/>
        <line num="19" count="0" type="stmt"/>
        <line num="20" count="0" type="stmt"/>
        <line num="24" count="0" type="cond" truecount="0" falsecount="2"/>
        <line num="25" count="0" type="stmt"/>
        <line num="27" count="0" type="stmt"/>
        <line num="30" count="0" type="cond" truecount="0" falsecount="2"/>
        <line num="31" count="0" type="stmt"/>
        <line num="33" count="0" type="stmt"/>
        <line num="36" count="0" type="stmt"/>
        <line num="37" count="0" type="stmt"/>
        <line num="39" count="1" type="cond" truecount="1" falsecount="1"/>
        <line num="40" count="0" type="stmt"/>
        <line num="41" count="0" type="stmt"/>
        <line num="48" count="0" type="stmt"/>
        <line num="51" count="0" type="stmt"/>
        <line num="66" count="1" type="stmt"/>
        <line num="106" count="2" type="stmt"/>
        <line num="107" count="1" type="stmt"/>
        <line num="112" count="1" type="stmt"/>
        <line num="113" count="0" type="stmt"/>
        <line num="114" count="0" type="stmt"/>
        <line num="115" count="0" type="stmt"/>
      </file>
      <file name="Overview.jsx" path="/home/marzmu/hackreactor/fec/productApp/client/src/components/Overview.jsx">
        <metrics statements="13" coveredstatements="7" conditionals="12" coveredconditionals="6" methods="10" coveredmethods="4"/>
        <line num="11" count="1" type="stmt"/>
        <line num="12" count="1" type="stmt"/>
        <line num="13" count="0" type="stmt"/>
        <line num="15" count="1" type="stmt"/>
        <line num="22" count="1" type="stmt"/>
        <line num="74" count="0" type="stmt"/>
        <line num="94" count="2" type="stmt"/>
        <line num="96" count="1" type="stmt"/>
        <line num="103" count="1" type="stmt"/>
        <line num="105" count="0" type="stmt"/>
        <line num="106" count="0" type="stmt"/>
        <line num="107" count="0" type="stmt"/>
        <line num="108" count="0" type="stmt"/>
      </file>
      <file name="QAhelperFunctions.js" path="/home/marzmu/hackreactor/fec/productApp/client/src/components/QAhelperFunctions.js">
        <metrics statements="17" coveredstatements="16" conditionals="11" coveredconditionals="8" methods="7" coveredmethods="7"/>
        <line num="2" count="2" type="stmt"/>
        <line num="5" count="2" type="stmt"/>
        <line num="7" count="13" type="cond" truecount="1" falsecount="1"/>
        <line num="8" count="0" type="stmt"/>
        <line num="10" count="13" type="stmt"/>
        <line num="12" count="13" type="stmt"/>
        <line num="14" count="52" type="stmt"/>
        <line num="16" count="52" type="stmt"/>
        <line num="18" count="78" type="cond" truecount="1" falsecount="1"/>
        <line num="21" count="52" type="stmt"/>
        <line num="24" count="52" type="stmt"/>
        <line num="27" count="2" type="cond" truecount="0" falsecount="1"/>
        <line num="29" count="9" type="cond" truecount="4" falsecount="0"/>
        <line num="30" count="5" type="stmt"/>
        <line num="33" count="4" type="stmt"/>
        <line num="35" count="18" type="cond" truecount="2" falsecount="0"/>
        <line num="39" count="2" type="stmt"/>
      </file>
      <file name="QModal.jsx" path="/home/marzmu/hackreactor/fec/productApp/client/src/components/QModal.jsx">
        <metrics statements="21" coveredstatements="0" conditionals="10" coveredconditionals="0" methods="8" coveredmethods="0"/>
        <line num="8" count="0" type="stmt"/>
        <line num="9" count="0" type="stmt"/>
        <line num="10" count="0" type="stmt"/>
        <line num="11" count="0" type="stmt"/>
        <line num="14" count="0" type="stmt"/>
        <line num="15" count="0" type="stmt"/>
        <line num="20" count="0" type="cond" truecount="0" falsecount="2"/>
        <line num="21" count="0" type="stmt"/>
        <line num="22" count="0" type="stmt"/>
        <line num="23" count="0" type="stmt"/>
        <line num="25" count="0" type="stmt"/>
        <line num="26" count="0" type="stmt"/>
        <line num="27" count="0" type="stmt"/>
        <line num="30" count="0" type="cond" truecount="0" falsecount="2"/>
        <line num="32" count="0" type="stmt"/>
        <line num="33" count="0" type="stmt"/>
        <line num="34" count="0" type="stmt"/>
        <line num="38" count="0" type="stmt"/>
        <line num="39" count="0" type="stmt"/>
        <line num="40" count="0" type="stmt"/>
        <line num="45" count="0" type="stmt"/>
      </file>
      <file name="Question.jsx" path="/home/marzmu/hackreactor/fec/productApp/client/src/components/Question.jsx">
        <metrics statements="21" coveredstatements="0" conditionals="6" coveredconditionals="0" methods="8" coveredmethods="0"/>
        <line num="13" count="0" type="stmt"/>
        <line num="14" count="0" type="stmt"/>
        <line num="15" count="0" type="stmt"/>
        <line num="17" count="0" type="stmt"/>
        <line num="19" count="0" type="stmt"/>
        <line num="20" count="0" type="stmt"/>
        <line num="21" count="0" type="stmt"/>
        <line num="22" count="0" type="stmt"/>
        <line num="25" count="0" type="stmt"/>
        <line num="26" count="0" type="stmt"/>
        <line num="29" count="0" type="cond" truecount="0" falsecount="2"/>
        <line num="37" count="0" type="stmt"/>
        <line num="38" count="0" type="cond" truecount="0" falsecount="2"/>
        <line num="40" count="0" type="stmt"/>
        <line num="41" count="0" type="stmt"/>
        <line num="42" count="0" type="stmt"/>
        <line num="44" count="0" type="cond" truecount="0" falsecount="2"/>
        <line num="45" count="0" type="stmt"/>
        <line num="48" count="0" type="stmt"/>
        <line num="56" count="0" type="stmt"/>
        <line num="64" count="0" type="stmt"/>
      </file>
      <file name="QuestionList.jsx" path="/home/marzmu/hackreactor/fec/productApp/client/src/components/QuestionList.jsx">
        <metrics statements="14" coveredstatements="8" conditionals="10" coveredconditionals="5" methods="8" coveredmethods="4"/>
        <line num="15" count="1" type="stmt"/>
        <line num="16" count="1" type="stmt"/>
        <line num="17" count="1" type="stmt"/>
        <line num="20" count="1" type="stmt"/>
        <line num="24" count="1" type="cond" truecount="1" falsecount="1"/>
        <line num="25" count="0" type="stmt"/>
        <line num="26" count="0" type="stmt"/>
        <line num="27" count="0" type="stmt"/>
        <line num="33" count="1" type="stmt"/>
        <line num="39" count="0" type="stmt"/>
        <line num="45" count="0" type="stmt"/>
        <line num="48" count="0" type="stmt"/>
        <line num="56" count="1" type="stmt"/>
        <line num="66" count="1" type="stmt"/>
      </file>
      <file name="Ratings.jsx" path="/home/marzmu/hackreactor/fec/productApp/client/src/components/Ratings.jsx">
        <metrics statements="28" coveredstatements="14" conditionals="6" coveredconditionals="2" methods="21" coveredmethods="6"/>
        <line num="12" count="0" type="stmt"/>
        <line num="14" count="0" type="stmt"/>
        <line num="21" count="1" type="stmt"/>
        <line num="22" count="1" type="stmt"/>
        <line num="23" count="0" type="stmt"/>
        <line num="25" count="1" type="stmt"/>
        <line num="30" count="3" type="stmt"/>
        <line num="31" count="0" type="stmt"/>
        <line num="34" count="3" type="stmt"/>
        <line num="39" count="0" type="stmt"/>
        <line num="44" count="5" type="stmt"/>
        <line num="46" count="5" type="stmt"/>
        <line num="47" count="0" type="cond" truecount="0" falsecount="2"/>
        <line num="48" count="0" type="stmt"/>
        <line num="52" count="5" type="stmt"/>
        <line num="55" count="5" type="stmt"/>
        <line num="59" count="5" type="stmt"/>
        <line num="90" count="1" type="stmt"/>
        <line num="112" count="0" type="stmt"/>
        <line num="114" count="0" type="stmt"/>
        <line num="116" count="0" type="stmt"/>
        <line num="118" count="0" type="stmt"/>
        <line num="120" count="0" type="stmt"/>
        <line num="146" count="1" type="stmt"/>
        <line num="147" count="1" type="stmt"/>
        <line num="150" count="1" type="stmt"/>
        <line num="151" count="0" type="stmt"/>
        <line num="152" count="0" type="stmt"/>
      </file>
      <file name="RelatedProductCard.jsx" path="/home/marzmu/hackreactor/fec/productApp/client/src/components/RelatedProductCard.jsx">
        <metrics statements="1" coveredstatements="0" conditionals="0" coveredconditionals="0" methods="1" coveredmethods="0"/>
        <line num="11" count="0" type="stmt"/>
      </file>
      <file name="RelatedProducts.jsx" path="/home/marzmu/hackreactor/fec/productApp/client/src/components/RelatedProducts.jsx">
        <metrics statements="6" coveredstatements="4" conditionals="0" coveredconditionals="0" methods="4" coveredmethods="2"/>
        <line num="5" count="1" type="stmt"/>
        <line num="12" count="1" type="stmt"/>
        <line num="16" count="0" type="stmt"/>
        <line num="20" count="0" type="stmt"/>
        <line num="26" count="1" type="stmt"/>
        <line num="27" count="1" type="stmt"/>
      </file>
      <file name="Review.jsx" path="/home/marzmu/hackreactor/fec/productApp/client/src/components/Review.jsx">
        <metrics statements="7" coveredstatements="0" conditionals="6" coveredconditionals="0" methods="2" coveredmethods="0"/>
        <line num="9" count="0" type="stmt"/>
        <line num="10" count="0" type="stmt"/>
        <line num="11" count="0" type="stmt"/>
        <line num="13" count="0" type="cond" truecount="0" falsecount="2"/>
        <line num="14" count="0" type="stmt"/>
        <line num="23" count="0" type="stmt"/>
        <line num="31" count="0" type="stmt"/>
      </file>
      <file name="ReviewsList.jsx" path="/home/marzmu/hackreactor/fec/productApp/client/src/components/ReviewsList.jsx">
        <metrics statements="9" coveredstatements="2" conditionals="4" coveredconditionals="2" methods="7" coveredmethods="1"/>
        <line num="6" count="1" type="stmt"/>
        <line num="12" count="0" type="stmt"/>
        <line num="14" count="0" type="stmt"/>
        <line num="23" count="0" type="stmt"/>
        <line num="24" count="0" type="stmt"/>
        <line num="27" count="1" type="stmt"/>
        <line num="53" count="0" type="stmt"/>
        <line num="60" count="0" type="stmt"/>
        <line num="73" count="0" type="stmt"/>
      </file>
      <file name="Setter.jsx" path="/home/marzmu/hackreactor/fec/productApp/client/src/components/Setter.jsx">
        <metrics statements="29" coveredstatements="10" conditionals="0" coveredconditionals="0" methods="22" coveredmethods="4"/>
        <line num="7" count="0" type="stmt"/>
        <line num="8" count="0" type="stmt"/>
        <line num="20" count="1" type="stmt"/>
        <line num="22" count="1" type="stmt"/>
        <line num="24" count="0" type="stmt"/>
        <line num="26" count="0" type="stmt"/>
        <line num="28" count="1" type="stmt"/>
        <line num="30" count="0" type="stmt"/>
        <line num="31" count="0" type="stmt"/>
        <line num="33" count="0" type="stmt"/>
        <line num="35" count="1" type="stmt"/>
        <line num="37" count="0" type="stmt"/>
        <line num="39" count="0" type="stmt"/>
        <line num="41" count="1" type="stmt"/>
        <line num="43" count="0" type="stmt"/>
        <line num="45" count="0" type="stmt"/>
        <line num="47" count="1" type="stmt"/>
        <line num="49" count="0" type="stmt"/>
        <line num="51" count="0" type="stmt"/>
        <line num="54" count="1" type="stmt"/>
        <line num="57" count="1" type="stmt"/>
        <line num="58" count="1" type="stmt"/>
        <line num="65" count="1" type="stmt"/>
        <line num="66" count="0" type="stmt"/>
        <line num="67" count="0" type="stmt"/>
        <line num="68" count="0" type="stmt"/>
        <line num="69" count="0" type="stmt"/>
        <line num="70" count="0" type="stmt"/>
        <line num="71" count="0" type="stmt"/>
      </file>
      <file name="Stars.jsx" path="/home/marzmu/hackreactor/fec/productApp/client/src/components/Stars.jsx">
        <metrics statements="18" coveredstatements="14" conditionals="8" coveredconditionals="6" methods="4" coveredmethods="3"/>
        <line num="5" count="1" type="stmt"/>
        <line num="6" count="1" type="stmt"/>
        <line num="7" count="1" type="stmt"/>
        <line num="8" count="0" type="stmt"/>
        <line num="9" count="0" type="stmt"/>
        <line num="11" count="1" type="stmt"/>
        <line num="15" count="2" type="stmt"/>
        <line num="16" count="2" type="cond" truecount="2" falsecount="0"/>
        <line num="18" count="1" type="stmt"/>
        <line num="19" count="1" type="cond" truecount="1" falsecount="1"/>
        <line num="20" count="0" type="stmt"/>
        <line num="25" count="2" type="stmt"/>
        <line num="26" count="2" type="cond" truecount="2" falsecount="0"/>
        <line num="27" count="1" type="stmt"/>
        <line num="28" count="1" type="cond" truecount="1" falsecount="1"/>
        <line num="29" count="0" type="stmt"/>
        <line num="32" count="2" type="stmt"/>
        <line num="36" count="2" type="stmt"/>
      </file>
      <file name="StyleBubble.jsx" path="/home/marzmu/hackreactor/fec/productApp/client/src/components/StyleBubble.jsx">
        <metrics statements="9" coveredstatements="1" conditionals="2" coveredconditionals="0" methods="6" coveredmethods="0"/>
        <line num="8" count="0" type="stmt"/>
        <line num="9" count="0" type="stmt"/>
        <line num="13" count="0" type="cond" truecount="0" falsecount="2"/>
        <line num="14" count="0" type="stmt"/>
        <line num="23" count="2" type="stmt"/>
        <line num="24" count="0" type="stmt"/>
        <line num="28" count="0" type="stmt"/>
        <line num="29" count="0" type="stmt"/>
        <line num="30" count="0" type="stmt"/>
      </file>
      <file name="StyleSelector.jsx" path="/home/marzmu/hackreactor/fec/productApp/client/src/components/StyleSelector.jsx">
        <metrics statements="9" coveredstatements="5" conditionals="4" coveredconditionals="1" methods="5" coveredmethods="3"/>
        <line num="12" count="1" type="stmt"/>
        <line num="14" count="1" type="cond" truecount="1" falsecount="1"/>
        <line num="15" count="0" type="stmt"/>
        <line num="16" count="0" type="stmt"/>
        <line num="21" count="0" type="stmt"/>
        <line num="37" count="2" type="stmt"/>
        <line num="38" count="1" type="stmt"/>
        <line num="43" count="1" type="stmt"/>
        <line num="44" count="0" type="stmt"/>
      </file>
    </package>
    <package name="client.src.components.QAhelp">
      <metrics statements="25" coveredstatements="7" conditionals="0" coveredconditionals="0" methods="18" coveredmethods="0"/>
      <file name="QArequests.js" path="/home/marzmu/hackreactor/fec/productApp/client/src/components/QAhelp/QArequests.js">
        <metrics statements="25" coveredstatements="7" conditionals="0" coveredconditionals="0" methods="18" coveredmethods="0"/>
        <line num="2" count="1" type="stmt"/>
        <line num="4" count="1" type="stmt"/>
        <line num="5" count="0" type="stmt"/>
        <line num="6" count="0" type="stmt"/>
        <line num="7" count="0" type="stmt"/>
        <line num="9" count="1" type="stmt"/>
        <line num="10" count="0" type="stmt"/>
        <line num="11" count="0" type="stmt"/>
        <line num="12" count="0" type="stmt"/>
        <line num="14" count="1" type="stmt"/>
        <line num="15" count="0" type="stmt"/>
        <line num="16" count="0" type="stmt"/>
        <line num="17" count="0" type="stmt"/>
        <line num="20" count="1" type="stmt"/>
        <line num="21" count="0" type="stmt"/>
        <line num="22" count="0" type="stmt"/>
        <line num="23" count="0" type="stmt"/>
        <line num="25" count="1" type="stmt"/>
        <line num="26" count="0" type="stmt"/>
        <line num="27" count="0" type="stmt"/>
        <line num="28" count="0" type="stmt"/>
        <line num="30" count="1" type="stmt"/>
        <line num="31" count="0" type="stmt"/>
        <line num="32" count="0" type="stmt"/>
        <line num="33" count="0" type="stmt"/>
      </file>
    </package>
    <package name="client.src.reducers">
      <metrics statements="38" coveredstatements="22" conditionals="36" coveredconditionals="20" methods="10" coveredmethods="10"/>
      <file name="galleryReducer.js" path="/home/marzmu/hackreactor/fec/productApp/client/src/reducers/galleryReducer.js">
        <metrics statements="5" coveredstatements="2" conditionals="5" coveredconditionals="2" methods="1" coveredmethods="1"/>
        <line num="2" count="3" type="cond" truecount="1" falsecount="3"/>
        <line num="4" count="0" type="stmt"/>
        <line num="6" count="0" type="stmt"/>
        <line num="8" count="0" type="stmt"/>
        <line num="11" count="3" type="stmt"/>
      </file>
      <file name="index.js" path="/home/marzmu/hackreactor/fec/productApp/client/src/reducers/index.js">
        <metrics statements="1" coveredstatements="1" conditionals="0" coveredconditionals="0" methods="0" coveredmethods="0"/>
        <line num="16" count="1" type="stmt"/>
      </file>
      <file name="metaDataReducer.js" path="/home/marzmu/hackreactor/fec/productApp/client/src/reducers/metaDataReducer.js">
        <metrics statements="3" coveredstatements="2" conditionals="3" coveredconditionals="2" methods="1" coveredmethods="1"/>
        <line num="2" count="3" type="cond" truecount="1" falsecount="1"/>
        <line num="4" count="0" type="stmt"/>
        <line num="6" count="3" type="stmt"/>
      </file>
      <file name="productInfoReducer.js" path="/home/marzmu/hackreactor/fec/productApp/client/src/reducers/productInfoReducer.js">
        <metrics statements="3" coveredstatements="2" conditionals="3" coveredconditionals="2" methods="1" coveredmethods="1"/>
        <line num="2" count="3" type="cond" truecount="1" falsecount="1"/>
        <line num="4" count="0" type="stmt"/>
        <line num="6" count="3" type="stmt"/>
      </file>
      <file name="qListReducer.js" path="/home/marzmu/hackreactor/fec/productApp/client/src/reducers/qListReducer.js">
        <metrics statements="8" coveredstatements="3" conditionals="7" coveredconditionals="2" methods="1" coveredmethods="1"/>
        <line num="2" count="2" type="cond" truecount="1" falsecount="0"/>
        <line num="3" count="3" type="cond" truecount="1" falsecount="5"/>
        <line num="5" count="0" type="stmt"/>
        <line num="10" count="0" type="stmt"/>
        <line num="16" count="0" type="stmt"/>
        <line num="21" count="0" type="stmt"/>
        <line num="26" count="0" type="stmt"/>
        <line num="32" count="3" type="stmt"/>
      </file>
      <file name="quantityReducer.js" path="/home/marzmu/hackreactor/fec/productApp/client/src/reducers/quantityReducer.js">
        <metrics statements="3" coveredstatements="2" conditionals="3" coveredconditionals="2" methods="1" coveredmethods="1"/>
        <line num="2" count="3" type="cond" truecount="1" falsecount="1"/>
        <line num="4" count="0" type="stmt"/>
        <line num="7" count="3" type="stmt"/>
      </file>
      <file name="relatedProductsReducer.js" path="/home/marzmu/hackreactor/fec/productApp/client/src/reducers/relatedProductsReducer.js">
        <metrics statements="3" coveredstatements="2" conditionals="3" coveredconditionals="2" methods="1" coveredmethods="1"/>
        <line num="2" count="3" type="cond" truecount="1" falsecount="1"/>
        <line num="4" count="0" type="stmt"/>
        <line num="6" count="3" type="stmt"/>
      </file>
      <file name="reviewsReducer.js" path="/home/marzmu/hackreactor/fec/productApp/client/src/reducers/reviewsReducer.js">
        <metrics statements="3" coveredstatements="2" conditionals="3" coveredconditionals="2" methods="1" coveredmethods="1"/>
        <line num="2" count="3" type="cond" truecount="1" falsecount="1"/>
        <line num="4" count="0" type="stmt"/>
        <line num="6" count="3" type="stmt"/>
      </file>
      <file name="selectedSkuReducer.js" path="/home/marzmu/hackreactor/fec/productApp/client/src/reducers/selectedSkuReducer.js">
        <metrics statements="3" coveredstatements="2" conditionals="3" coveredconditionals="2" methods="1" coveredmethods="1"/>
        <line num="2" count="3" type="cond" truecount="1" falsecount="1"/>
        <line num="4" count="0" type="stmt"/>
        <line num="7" count="3" type="stmt"/>
      </file>
      <file name="selectedStyleReducer.js" path="/home/marzmu/hackreactor/fec/productApp/client/src/reducers/selectedStyleReducer.js">
        <metrics statements="3" coveredstatements="2" conditionals="3" coveredconditionals="2" methods="1" coveredmethods="1"/>
        <line num="2" count="3" type="cond" truecount="1" falsecount="1"/>
        <line num="4" count="0" type="stmt"/>
        <line num="7" count="3" type="stmt"/>
      </file>
      <file name="stylesReducer.js" path="/home/marzmu/hackreactor/fec/productApp/client/src/reducers/stylesReducer.js">
        <metrics statements="3" coveredstatements="2" conditionals="3" coveredconditionals="2" methods="1" coveredmethods="1"/>
        <line num="3" count="3" type="cond" truecount="1" falsecount="1"/>
        <line num="5" count="0" type="stmt"/>
        <line num="8" count="3" type="stmt"/>
      </file>
    </package>
    <package name="spec">
      <metrics statements="2" coveredstatements="2" conditionals="0" coveredconditionals="0" methods="1" coveredmethods="1"/>
      <file name="sum.js" path="/home/marzmu/hackreactor/fec/productApp/spec/sum.js">
        <metrics statements="2" coveredstatements="2" conditionals="0" coveredconditionals="0" methods="1" coveredmethods="1"/>
        <line num="2" count="1" type="stmt"/>
        <line num="5" count="1" type="stmt"/>
      </file>
    </package>
    <package name="test">
      <metrics statements="2" coveredstatements="2" conditionals="0" coveredconditionals="0" methods="0" coveredmethods="0"/>
      <file name="QAtestData.js" path="/home/marzmu/hackreactor/fec/productApp/test/QAtestData.js">
        <metrics statements="2" coveredstatements="2" conditionals="0" coveredconditionals="0" methods="0" coveredmethods="0"/>
        <line num="4" count="1" type="stmt"/>
        <line num="87" count="1" type="stmt"/>
      </file>
    </package>
  </project>
</coverage>
