{"/home/marzmu/hackreactor/fec/productApp/client/src/store.js": {"path":"/home/marzmu/hackreactor/fec/productApp/client/src/store.js","statementMap":{"0":{"start":{"line":7,"column":21},"end":{"line":14,"column":1}},"1":{"start":{"line":19,"column":14},"end":{"line":23,"column":1}}},"fnMap":{},"branchMap":{},"s":{"0":1,"1":1},"f":{},"b":{},"_coverageSchema":"1a1c01bbd47fc00a2c39e90264f33305004495a9","hash":"76b6f0d779d27b805f389198260126de024f125b"}
,"/home/marzmu/hackreactor/fec/productApp/client/src/components/AddtoCart.jsx": {"path":"/home/marzmu/hackreactor/fec/productApp/client/src/components/AddtoCart.jsx","statementMap":{"0":{"start":{"line":5,"column":19},"end":{"line":5,"column":21}},"1":{"start":{"line":6,"column":2},"end":{"line":13,"column":3}},"2":{"start":{"line":7,"column":4},"end":{"line":11,"column":9}},"3":{"start":{"line":8,"column":25},"end":{"line":8,"column":46}},"4":{"start":{"line":10,"column":8},"end":{"line":10,"column":59}},"5":{"start":{"line":14,"column":2},"end":{"line":16,"column":3}},"6":{"start":{"line":15,"column":4},"end":{"line":15,"column":85}},"7":{"start":{"line":17,"column":2},"end":{"line":17,"column":84}},"8":{"start":{"line":18,"column":2},"end":{"line":18,"column":20}},"9":{"start":{"line":24,"column":29},"end":{"line":24,"column":31}},"10":{"start":{"line":25,"column":14},"end":{"line":25,"column":44}},"11":{"start":{"line":26,"column":2},"end":{"line":28,"column":3}},"12":{"start":{"line":26,"column":15},"end":{"line":26,"column":16}},"13":{"start":{"line":27,"column":4},"end":{"line":27,"column":79}},"14":{"start":{"line":30,"column":2},"end":{"line":30,"column":28}},"15":{"start":{"line":36,"column":22},"end":{"line":36,"column":57}},"16":{"start":{"line":39,"column":16},"end":{"line":39,"column":101}},"17":{"start":{"line":39,"column":69},"end":{"line":39,"column":100}},"18":{"start":{"line":40,"column":4},"end":{"line":40,"column":24}},"19":{"start":{"line":44,"column":2},"end":{"line":79,"column":4}},"20":{"start":{"line":84,"column":27},"end":{"line":95,"column":12}},"21":{"start":{"line":85,"column":14},"end":{"line":88,"column":3}},"22":{"start":{"line":90,"column":17},"end":{"line":94,"column":3}},"23":{"start":{"line":92,"column":29},"end":{"line":92,"column":83}},"24":{"start":{"line":93,"column":26},"end":{"line":93,"column":74}}},"fnMap":{"0":{"name":"makeSizeOptions","decl":{"start":{"line":4,"column":9},"end":{"line":4,"column":24}},"loc":{"start":{"line":4,"column":34},"end":{"line":19,"column":1}},"line":4},"1":{"name":"(anonymous_1)","decl":{"start":{"line":8,"column":14},"end":{"line":8,"column":15}},"loc":{"start":{"line":8,"column":25},"end":{"line":8,"column":46}},"line":8},"2":{"name":"(anonymous_2)","decl":{"start":{"line":9,"column":11},"end":{"line":9,"column":12}},"loc":{"start":{"line":10,"column":8},"end":{"line":10,"column":59}},"line":10},"3":{"name":"makeQuantityOptions","decl":{"start":{"line":23,"column":9},"end":{"line":23,"column":28}},"loc":{"start":{"line":23,"column":44},"end":{"line":31,"column":1}},"line":23},"4":{"name":"AddToCart","decl":{"start":{"line":34,"column":9},"end":{"line":34,"column":18}},"loc":{"start":{"line":34,"column":67},"end":{"line":81,"column":1}},"line":34},"5":{"name":"handleSizeChange","decl":{"start":{"line":38,"column":11},"end":{"line":38,"column":27}},"loc":{"start":{"line":38,"column":35},"end":{"line":41,"column":3}},"line":38},"6":{"name":"(anonymous_6)","decl":{"start":{"line":39,"column":58},"end":{"line":39,"column":59}},"loc":{"start":{"line":39,"column":69},"end":{"line":39,"column":100}},"line":39},"7":{"name":"(anonymous_7)","decl":{"start":{"line":85,"column":2},"end":{"line":85,"column":3}},"loc":{"start":{"line":85,"column":14},"end":{"line":88,"column":3}},"line":85},"8":{"name":"(anonymous_8)","decl":{"start":{"line":90,"column":2},"end":{"line":90,"column":3}},"loc":{"start":{"line":90,"column":17},"end":{"line":94,"column":3}},"line":90},"9":{"name":"(anonymous_9)","decl":{"start":{"line":92,"column":20},"end":{"line":92,"column":21}},"loc":{"start":{"line":92,"column":29},"end":{"line":92,"column":83}},"line":92},"10":{"name":"(anonymous_10)","decl":{"start":{"line":93,"column":17},"end":{"line":93,"column":18}},"loc":{"start":{"line":93,"column":26},"end":{"line":93,"column":74}},"line":93}},"branchMap":{"0":{"loc":{"start":{"line":6,"column":2},"end":{"line":13,"column":3}},"type":"if","locations":[{"start":{"line":6,"column":2},"end":{"line":13,"column":3}},{"start":{},"end":{}}],"line":6},"1":{"loc":{"start":{"line":14,"column":2},"end":{"line":16,"column":3}},"type":"if","locations":[{"start":{"line":14,"column":2},"end":{"line":16,"column":3}},{"start":{},"end":{}}],"line":14},"2":{"loc":{"start":{"line":25,"column":14},"end":{"line":25,"column":44}},"type":"cond-expr","locations":[{"start":{"line":25,"column":31},"end":{"line":25,"column":33}},{"start":{"line":25,"column":36},"end":{"line":25,"column":44}}],"line":25},"3":{"loc":{"start":{"line":54,"column":13},"end":{"line":54,"column":68}},"type":"cond-expr","locations":[{"start":{"line":54,"column":40},"end":{"line":54,"column":54}},{"start":{"line":54,"column":57},"end":{"line":54,"column":68}}],"line":54},"4":{"loc":{"start":{"line":60,"column":13},"end":{"line":60,"column":119}},"type":"cond-expr","locations":[{"start":{"line":60,"column":38},"end":{"line":60,"column":98}},{"start":{"line":60,"column":101},"end":{"line":60,"column":119}}],"line":60},"5":{"loc":{"start":{"line":64,"column":10},"end":{"line":75,"column":12}},"type":"cond-expr","locations":[{"start":{"line":65,"column":12},"end":{"line":69,"column":12}},{"start":{"line":70,"column":12},"end":{"line":75,"column":12}}],"line":64}},"s":{"0":1,"1":1,"2":0,"3":0,"4":0,"5":1,"6":1,"7":1,"8":1,"9":0,"10":0,"11":0,"12":0,"13":0,"14":0,"15":1,"16":0,"17":0,"18":0,"19":1,"20":2,"21":1,"22":1,"23":0,"24":0},"f":{"0":1,"1":0,"2":0,"3":0,"4":1,"5":0,"6":0,"7":1,"8":1,"9":0,"10":0},"b":{"0":[0,1],"1":[1,0],"2":[0,0],"3":[0,1],"4":[0,1],"5":[1,0]},"_coverageSchema":"1a1c01bbd47fc00a2c39e90264f33305004495a9","hash":"f96be29db1bf61a698e797950b9d15a0db475719"}
,"/home/marzmu/hackreactor/fec/productApp/client/src/components/Answer.jsx": {"path":"/home/marzmu/hackreactor/fec/productApp/client/src/components/Answer.jsx","statementMap":{"0":{"start":{"line":9,"column":28},"end":{"line":9,"column":56}},"1":{"start":{"line":10,"column":32},"end":{"line":10,"column":47}},"2":{"start":{"line":11,"column":29},"end":{"line":11,"column":44}},"3":{"start":{"line":13,"column":15},"end":{"line":17,"column":3}},"4":{"start":{"line":14,"column":4},"end":{"line":14,"column":24}},"5":{"start":{"line":15,"column":4},"end":{"line":15,"column":21}},"6":{"start":{"line":16,"column":4},"end":{"line":16,"column":21}},"7":{"start":{"line":19,"column":18},"end":{"line":22,"column":3}},"8":{"start":{"line":20,"column":4},"end":{"line":20,"column":17}},"9":{"start":{"line":21,"column":4},"end":{"line":21,"column":14}},"10":{"start":{"line":24,"column":21},"end":{"line":30,"column":15}},"11":{"start":{"line":32,"column":23},"end":{"line":34,"column":75}},"12":{"start":{"line":36,"column":2},"end":{"line":50,"column":4}}},"fnMap":{"0":{"name":"Answer","decl":{"start":{"line":6,"column":24},"end":{"line":6,"column":30}},"loc":{"start":{"line":6,"column":48},"end":{"line":51,"column":1}},"line":6},"1":{"name":"(anonymous_1)","decl":{"start":{"line":13,"column":15},"end":{"line":13,"column":16}},"loc":{"start":{"line":13,"column":21},"end":{"line":17,"column":3}},"line":13},"2":{"name":"(anonymous_2)","decl":{"start":{"line":19,"column":18},"end":{"line":19,"column":19}},"loc":{"start":{"line":19,"column":24},"end":{"line":22,"column":3}},"line":19}},"branchMap":{"0":{"loc":{"start":{"line":24,"column":21},"end":{"line":30,"column":15}},"type":"cond-expr","locations":[{"start":{"line":25,"column":6},"end":{"line":27,"column":13}},{"start":{"line":28,"column":6},"end":{"line":30,"column":15}}],"line":24},"1":{"loc":{"start":{"line":32,"column":23},"end":{"line":34,"column":75}},"type":"cond-expr","locations":[{"start":{"line":33,"column":6},"end":{"line":33,"column":42}},{"start":{"line":34,"column":6},"end":{"line":34,"column":75}}],"line":32}},"s":{"0":0,"1":0,"2":0,"3":0,"4":0,"5":0,"6":0,"7":0,"8":0,"9":0,"10":0,"11":0,"12":0},"f":{"0":0,"1":0,"2":0},"b":{"0":[0,0],"1":[0,0]},"_coverageSchema":"1a1c01bbd47fc00a2c39e90264f33305004495a9","hash":"3d9ef23984d9e9fe27ba70366edcd37672ce020a"}
,"/home/marzmu/hackreactor/fec/productApp/client/src/components/App.jsx": {"path":"/home/marzmu/hackreactor/fec/productApp/client/src/components/App.jsx","statementMap":{"0":{"start":{"line":11,"column":2},"end":{"line":19,"column":4}}},"fnMap":{"0":{"name":"App","decl":{"start":{"line":10,"column":9},"end":{"line":10,"column":12}},"loc":{"start":{"line":10,"column":15},"end":{"line":20,"column":1}},"line":10}},"branchMap":{},"s":{"0":1},"f":{"0":1},"b":{},"_coverageSchema":"1a1c01bbd47fc00a2c39e90264f33305004495a9","hash":"6210c51ecf930a37e2a4f63acd9e94da7cc4642e"}
,"/home/marzmu/hackreactor/fec/productApp/client/src/components/Gallery.jsx": {"path":"/home/marzmu/hackreactor/fec/productApp/client/src/components/Gallery.jsx","statementMap":{"0":{"start":{"line":7,"column":19},"end":{"line":7,"column":46}},"1":{"start":{"line":8,"column":19},"end":{"line":8,"column":69}},"2":{"start":{"line":13,"column":22},"end":{"line":13,"column":24}},"3":{"start":{"line":14,"column":22},"end":{"line":14,"column":24}},"4":{"start":{"line":15,"column":22},"end":{"line":15,"column":42}},"5":{"start":{"line":19,"column":25},"end":{"line":19,"column":71}},"6":{"start":{"line":20,"column":4},"end":{"line":20,"column":88}},"7":{"start":{"line":24,"column":4},"end":{"line":26,"column":5}},"8":{"start":{"line":25,"column":6},"end":{"line":25,"column":44}},"9":{"start":{"line":27,"column":4},"end":{"line":27,"column":23}},"10":{"start":{"line":30,"column":4},"end":{"line":32,"column":5}},"11":{"start":{"line":31,"column":6},"end":{"line":31,"column":44}},"12":{"start":{"line":33,"column":4},"end":{"line":33,"column":23}},"13":{"start":{"line":36,"column":4},"end":{"line":36,"column":58}},"14":{"start":{"line":37,"column":4},"end":{"line":37,"column":23}},"15":{"start":{"line":39,"column":2},"end":{"line":64,"column":3}},"16":{"start":{"line":40,"column":4},"end":{"line":47,"column":7}},"17":{"start":{"line":41,"column":6},"end":{"line":46,"column":8}},"18":{"start":{"line":48,"column":4},"end":{"line":63,"column":7}},"19":{"start":{"line":51,"column":6},"end":{"line":62,"column":11}},"20":{"start":{"line":66,"column":2},"end":{"line":103,"column":4}},"21":{"start":{"line":106,"column":25},"end":{"line":117,"column":10}},"22":{"start":{"line":107,"column":14},"end":{"line":110,"column":3}},"23":{"start":{"line":112,"column":17},"end":{"line":116,"column":3}},"24":{"start":{"line":113,"column":30},"end":{"line":113,"column":86}},"25":{"start":{"line":114,"column":36},"end":{"line":114,"column":86}},"26":{"start":{"line":115,"column":36},"end":{"line":115,"column":86}}},"fnMap":{"0":{"name":"Gallery","decl":{"start":{"line":10,"column":9},"end":{"line":10,"column":16}},"loc":{"start":{"line":12,"column":3},"end":{"line":104,"column":1}},"line":12},"1":{"name":"scrollThumbnails","decl":{"start":{"line":18,"column":11},"end":{"line":18,"column":27}},"loc":{"start":{"line":18,"column":30},"end":{"line":21,"column":3}},"line":18},"2":{"name":"handleLeftArrowClick","decl":{"start":{"line":23,"column":11},"end":{"line":23,"column":31}},"loc":{"start":{"line":23,"column":34},"end":{"line":28,"column":3}},"line":23},"3":{"name":"handleRightArrowClick","decl":{"start":{"line":29,"column":11},"end":{"line":29,"column":32}},"loc":{"start":{"line":29,"column":35},"end":{"line":34,"column":3}},"line":29},"4":{"name":"handleThumbnailClick","decl":{"start":{"line":35,"column":11},"end":{"line":35,"column":31}},"loc":{"start":{"line":35,"column":39},"end":{"line":38,"column":3}},"line":35},"5":{"name":"(anonymous_5)","decl":{"start":{"line":40,"column":36},"end":{"line":40,"column":37}},"loc":{"start":{"line":41,"column":6},"end":{"line":46,"column":8}},"line":41},"6":{"name":"(anonymous_6)","decl":{"start":{"line":48,"column":36},"end":{"line":48,"column":37}},"loc":{"start":{"line":51,"column":6},"end":{"line":62,"column":11}},"line":51},"7":{"name":"(anonymous_7)","decl":{"start":{"line":107,"column":2},"end":{"line":107,"column":3}},"loc":{"start":{"line":107,"column":14},"end":{"line":110,"column":3}},"line":107},"8":{"name":"(anonymous_8)","decl":{"start":{"line":112,"column":2},"end":{"line":112,"column":3}},"loc":{"start":{"line":112,"column":17},"end":{"line":116,"column":3}},"line":112},"9":{"name":"(anonymous_9)","decl":{"start":{"line":113,"column":21},"end":{"line":113,"column":22}},"loc":{"start":{"line":113,"column":30},"end":{"line":113,"column":86}},"line":113},"10":{"name":"(anonymous_10)","decl":{"start":{"line":114,"column":27},"end":{"line":114,"column":28}},"loc":{"start":{"line":114,"column":36},"end":{"line":114,"column":86}},"line":114},"11":{"name":"(anonymous_11)","decl":{"start":{"line":115,"column":27},"end":{"line":115,"column":28}},"loc":{"start":{"line":115,"column":36},"end":{"line":115,"column":86}},"line":115}},"branchMap":{"0":{"loc":{"start":{"line":24,"column":4},"end":{"line":26,"column":5}},"type":"if","locations":[{"start":{"line":24,"column":4},"end":{"line":26,"column":5}},{"start":{},"end":{}}],"line":24},"1":{"loc":{"start":{"line":30,"column":4},"end":{"line":32,"column":5}},"type":"if","locations":[{"start":{"line":30,"column":4},"end":{"line":32,"column":5}},{"start":{},"end":{}}],"line":30},"2":{"loc":{"start":{"line":39,"column":2},"end":{"line":64,"column":3}},"type":"if","locations":[{"start":{"line":39,"column":2},"end":{"line":64,"column":3}},{"start":{},"end":{}}],"line":39},"3":{"loc":{"start":{"line":58,"column":40},"end":{"line":58,"column":78}},"type":"cond-expr","locations":[{"start":{"line":58,"column":65},"end":{"line":58,"column":73}},{"start":{"line":58,"column":76},"end":{"line":58,"column":78}}],"line":58},"4":{"loc":{"start":{"line":73,"column":11},"end":{"line":82,"column":13}},"type":"cond-expr","locations":[{"start":{"line":74,"column":14},"end":{"line":74,"column":18}},{"start":{"line":76,"column":14},"end":{"line":81,"column":23}}],"line":73},"5":{"loc":{"start":{"line":88,"column":11},"end":{"line":99,"column":13}},"type":"cond-expr","locations":[{"start":{"line":89,"column":14},"end":{"line":89,"column":18}},{"start":{"line":91,"column":14},"end":{"line":98,"column":23}}],"line":88}},"s":{"0":2,"1":2,"2":1,"3":1,"4":1,"5":0,"6":0,"7":0,"8":0,"9":0,"10":0,"11":0,"12":0,"13":0,"14":0,"15":1,"16":0,"17":0,"18":0,"19":0,"20":1,"21":2,"22":1,"23":1,"24":0,"25":0,"26":0},"f":{"0":1,"1":0,"2":0,"3":0,"4":0,"5":0,"6":0,"7":1,"8":1,"9":0,"10":0,"11":0},"b":{"0":[0,0],"1":[0,0],"2":[0,1],"3":[0,0],"4":[1,0],"5":[0,1]},"_coverageSchema":"1a1c01bbd47fc00a2c39e90264f33305004495a9","hash":"89cf5b53e74d092a08cb6e59710518f7c4aa7a43"}
,"/home/marzmu/hackreactor/fec/productApp/client/src/components/Overview.jsx": {"path":"/home/marzmu/hackreactor/fec/productApp/client/src/components/Overview.jsx","statementMap":{"0":{"start":{"line":11,"column":14},"end":{"line":11,"column":15}},"1":{"start":{"line":12,"column":2},"end":{"line":14,"column":5}},"2":{"start":{"line":13,"column":4},"end":{"line":13,"column":32}},"3":{"start":{"line":15,"column":2},"end":{"line":15,"column":15}},"4":{"start":{"line":22,"column":2},"end":{"line":89,"column":4}},"5":{"start":{"line":74,"column":14},"end":{"line":81,"column":19}},"6":{"start":{"line":94,"column":26},"end":{"line":111,"column":11}},"7":{"start":{"line":96,"column":14},"end":{"line":101,"column":3}},"8":{"start":{"line":103,"column":17},"end":{"line":110,"column":3}},"9":{"start":{"line":105,"column":27},"end":{"line":105,"column":77}},"10":{"start":{"line":106,"column":30},"end":{"line":106,"column":85}},"11":{"start":{"line":107,"column":33},"end":{"line":107,"column":93}},"12":{"start":{"line":108,"column":27},"end":{"line":108,"column":76}}},"fnMap":{"0":{"name":"getTotalReviews","decl":{"start":{"line":10,"column":9},"end":{"line":10,"column":24}},"loc":{"start":{"line":10,"column":34},"end":{"line":16,"column":1}},"line":10},"1":{"name":"(anonymous_1)","decl":{"start":{"line":12,"column":31},"end":{"line":12,"column":32}},"loc":{"start":{"line":12,"column":38},"end":{"line":14,"column":3}},"line":12},"2":{"name":"Overview","decl":{"start":{"line":19,"column":9},"end":{"line":19,"column":17}},"loc":{"start":{"line":19,"column":60},"end":{"line":90,"column":1}},"line":19},"3":{"name":"(anonymous_3)","decl":{"start":{"line":73,"column":17},"end":{"line":73,"column":18}},"loc":{"start":{"line":74,"column":14},"end":{"line":81,"column":19}},"line":74},"4":{"name":"(anonymous_4)","decl":{"start":{"line":96,"column":2},"end":{"line":96,"column":3}},"loc":{"start":{"line":96,"column":14},"end":{"line":101,"column":3}},"line":96},"5":{"name":"(anonymous_5)","decl":{"start":{"line":103,"column":2},"end":{"line":103,"column":3}},"loc":{"start":{"line":103,"column":17},"end":{"line":110,"column":3}},"line":103},"6":{"name":"(anonymous_6)","decl":{"start":{"line":105,"column":15},"end":{"line":105,"column":16}},"loc":{"start":{"line":105,"column":27},"end":{"line":105,"column":77}},"line":105},"7":{"name":"(anonymous_7)","decl":{"start":{"line":106,"column":20},"end":{"line":106,"column":21}},"loc":{"start":{"line":106,"column":30},"end":{"line":106,"column":85}},"line":106},"8":{"name":"(anonymous_8)","decl":{"start":{"line":107,"column":22},"end":{"line":107,"column":23}},"loc":{"start":{"line":107,"column":33},"end":{"line":107,"column":93}},"line":107},"9":{"name":"(anonymous_9)","decl":{"start":{"line":108,"column":17},"end":{"line":108,"column":18}},"loc":{"start":{"line":108,"column":27},"end":{"line":108,"column":76}},"line":108}},"branchMap":{"0":{"loc":{"start":{"line":34,"column":11},"end":{"line":34,"column":57}},"type":"cond-expr","locations":[{"start":{"line":34,"column":25},"end":{"line":34,"column":45}},{"start":{"line":34,"column":48},"end":{"line":34,"column":57}}],"line":34},"1":{"loc":{"start":{"line":37,"column":11},"end":{"line":37,"column":53}},"type":"cond-expr","locations":[{"start":{"line":37,"column":25},"end":{"line":37,"column":41}},{"start":{"line":37,"column":44},"end":{"line":37,"column":53}}],"line":37},"2":{"loc":{"start":{"line":40,"column":12},"end":{"line":51,"column":50}},"type":"cond-expr","locations":[{"start":{"line":42,"column":14},"end":{"line":50,"column":20}},{"start":{"line":51,"column":16},"end":{"line":51,"column":50}}],"line":40},"3":{"loc":{"start":{"line":60,"column":11},"end":{"line":60,"column":55}},"type":"cond-expr","locations":[{"start":{"line":60,"column":25},"end":{"line":60,"column":43}},{"start":{"line":60,"column":46},"end":{"line":60,"column":55}}],"line":60},"4":{"loc":{"start":{"line":64,"column":13},"end":{"line":64,"column":62}},"type":"cond-expr","locations":[{"start":{"line":64,"column":27},"end":{"line":64,"column":50}},{"start":{"line":64,"column":53},"end":{"line":64,"column":62}}],"line":64},"5":{"loc":{"start":{"line":71,"column":10},"end":{"line":82,"column":21}},"type":"cond-expr","locations":[{"start":{"line":72,"column":12},"end":{"line":81,"column":20}},{"start":{"line":82,"column":12},"end":{"line":82,"column":21}}],"line":71}},"s":{"0":1,"1":1,"2":0,"3":1,"4":1,"5":0,"6":2,"7":1,"8":1,"9":0,"10":0,"11":0,"12":0},"f":{"0":1,"1":0,"2":1,"3":0,"4":1,"5":1,"6":0,"7":0,"8":0,"9":0},"b":{"0":[1,0],"1":[1,0],"2":[0,1],"3":[1,0],"4":[1,0],"5":[0,1]},"_coverageSchema":"1a1c01bbd47fc00a2c39e90264f33305004495a9","hash":"67ac16d88f0a3bbe220ff6fe6fe95e38703c76b2"}
,"/home/marzmu/hackreactor/fec/productApp/client/src/components/QAhelperFunctions.js": {"path":"/home/marzmu/hackreactor/fec/productApp/client/src/components/QAhelperFunctions.js","statementMap":{"0":{"start":{"line":2,"column":10},"end":{"line":2,"column":31}},"1":{"start":{"line":5,"column":21},"end":{"line":25,"column":1}},"2":{"start":{"line":7,"column":2},"end":{"line":9,"column":3}},"3":{"start":{"line":8,"column":4},"end":{"line":8,"column":14}},"4":{"start":{"line":10,"column":24},"end":{"line":10,"column":26}},"5":{"start":{"line":12,"column":2},"end":{"line":22,"column":5}},"6":{"start":{"line":14,"column":15},"end":{"line":14,"column":28}},"7":{"start":{"line":16,"column":18},"end":{"line":19,"column":6}},"8":{"start":{"line":18,"column":7},"end":{"line":18,"column":60}},"9":{"start":{"line":21,"column":4},"end":{"line":21,"column":59}},"10":{"start":{"line":24,"column":2},"end":{"line":24,"column":117}},"11":{"start":{"line":24,"column":35},"end":{"line":24,"column":114}},"12":{"start":{"line":27,"column":0},"end":{"line":37,"column":2}},"13":{"start":{"line":29,"column":2},"end":{"line":34,"column":3}},"14":{"start":{"line":30,"column":4},"end":{"line":30,"column":35}},"15":{"start":{"line":33,"column":4},"end":{"line":33,"column":27}},"16":{"start":{"line":35,"column":2},"end":{"line":35,"column":172}},"17":{"start":{"line":35,"column":38},"end":{"line":35,"column":85}},"18":{"start":{"line":35,"column":109},"end":{"line":35,"column":156}},"19":{"start":{"line":39,"column":0},"end":{"line":39,"column":43}}},"fnMap":{"0":{"name":"(anonymous_0)","decl":{"start":{"line":5,"column":21},"end":{"line":5,"column":22}},"loc":{"start":{"line":5,"column":43},"end":{"line":25,"column":1}},"line":5},"1":{"name":"(anonymous_1)","decl":{"start":{"line":12,"column":21},"end":{"line":12,"column":22}},"loc":{"start":{"line":12,"column":28},"end":{"line":22,"column":3}},"line":12},"2":{"name":"(anonymous_2)","decl":{"start":{"line":16,"column":47},"end":{"line":16,"column":48}},"loc":{"start":{"line":18,"column":7},"end":{"line":18,"column":60}},"line":18},"3":{"name":"(anonymous_3)","decl":{"start":{"line":24,"column":27},"end":{"line":24,"column":28}},"loc":{"start":{"line":24,"column":35},"end":{"line":24,"column":114}},"line":24},"4":{"name":"(anonymous_4)","decl":{"start":{"line":27,"column":27},"end":{"line":27,"column":28}},"loc":{"start":{"line":27,"column":63},"end":{"line":37,"column":1}},"line":27},"5":{"name":"(anonymous_5)","decl":{"start":{"line":35,"column":27},"end":{"line":35,"column":28}},"loc":{"start":{"line":35,"column":38},"end":{"line":35,"column":85}},"line":35},"6":{"name":"(anonymous_6)","decl":{"start":{"line":35,"column":98},"end":{"line":35,"column":99}},"loc":{"start":{"line":35,"column":109},"end":{"line":35,"column":156}},"line":35}},"branchMap":{"0":{"loc":{"start":{"line":7,"column":2},"end":{"line":9,"column":3}},"type":"if","locations":[{"start":{"line":7,"column":2},"end":{"line":9,"column":3}},{"start":{},"end":{}}],"line":7},"1":{"loc":{"start":{"line":18,"column":7},"end":{"line":18,"column":60}},"type":"cond-expr","locations":[{"start":{"line":18,"column":31},"end":{"line":18,"column":39}},{"start":{"line":18,"column":42},"end":{"line":18,"column":60}}],"line":18},"2":{"loc":{"start":{"line":27,"column":41},"end":{"line":27,"column":53}},"type":"default-arg","locations":[{"start":{"line":27,"column":51},"end":{"line":27,"column":53}}],"line":27},"3":{"loc":{"start":{"line":29,"column":2},"end":{"line":34,"column":3}},"type":"if","locations":[{"start":{"line":29,"column":2},"end":{"line":34,"column":3}},{"start":{"line":31,"column":9},"end":{"line":34,"column":3}}],"line":29},"4":{"loc":{"start":{"line":29,"column":6},"end":{"line":29,"column":35}},"type":"binary-expr","locations":[{"start":{"line":29,"column":6},"end":{"line":29,"column":13}},{"start":{"line":29,"column":17},"end":{"line":29,"column":35}}],"line":29},"5":{"loc":{"start":{"line":35,"column":10},"end":{"line":35,"column":170}},"type":"cond-expr","locations":[{"start":{"line":35,"column":19},"end":{"line":35,"column":87}},{"start":{"line":35,"column":90},"end":{"line":35,"column":170}}],"line":35}},"s":{"0":2,"1":2,"2":13,"3":0,"4":13,"5":13,"6":52,"7":52,"8":78,"9":52,"10":13,"11":52,"12":2,"13":9,"14":5,"15":4,"16":9,"17":18,"18":5,"19":2},"f":{"0":13,"1":52,"2":78,"3":52,"4":9,"5":18,"6":5},"b":{"0":[0,13],"1":[78,0],"2":[0],"3":[5,4],"4":[9,7],"5":[8,1]},"_coverageSchema":"1a1c01bbd47fc00a2c39e90264f33305004495a9","hash":"27270c3da18cd0f3e45cd83e31f825c842607ce5"}
,"/home/marzmu/hackreactor/fec/productApp/client/src/components/QModal.jsx": {"path":"/home/marzmu/hackreactor/fec/productApp/client/src/components/QModal.jsx","statementMap":{"0":{"start":{"line":8,"column":19},"end":{"line":8,"column":32}},"1":{"start":{"line":9,"column":16},"end":{"line":9,"column":62}},"2":{"start":{"line":9,"column":39},"end":{"line":9,"column":61}},"3":{"start":{"line":10,"column":17},"end":{"line":10,"column":59}},"4":{"start":{"line":10,"column":40},"end":{"line":10,"column":58}},"5":{"start":{"line":11,"column":18},"end":{"line":11,"column":61}},"6":{"start":{"line":11,"column":41},"end":{"line":11,"column":60}},"7":{"start":{"line":14,"column":4},"end":{"line":14,"column":23}},"8":{"start":{"line":15,"column":20},"end":{"line":19,"column":5}},"9":{"start":{"line":20,"column":4},"end":{"line":28,"column":5}},"10":{"start":{"line":21,"column":6},"end":{"line":21,"column":48}},"11":{"start":{"line":22,"column":6},"end":{"line":22,"column":21}},"12":{"start":{"line":23,"column":6},"end":{"line":23,"column":70}},"13":{"start":{"line":25,"column":6},"end":{"line":25,"column":31}},"14":{"start":{"line":26,"column":6},"end":{"line":26,"column":21}},"15":{"start":{"line":27,"column":6},"end":{"line":27,"column":52}},"16":{"start":{"line":30,"column":4},"end":{"line":30,"column":58}},"17":{"start":{"line":32,"column":4},"end":{"line":34,"column":45}},"18":{"start":{"line":33,"column":21},"end":{"line":33,"column":29}},"19":{"start":{"line":34,"column":24},"end":{"line":34,"column":41}},"20":{"start":{"line":38,"column":21},"end":{"line":41,"column":3}},"21":{"start":{"line":39,"column":4},"end":{"line":39,"column":50}},"22":{"start":{"line":40,"column":4},"end":{"line":40,"column":68}},"23":{"start":{"line":45,"column":2},"end":{"line":87,"column":4}}},"fnMap":{"0":{"name":"QModal","decl":{"start":{"line":6,"column":9},"end":{"line":6,"column":15}},"loc":{"start":{"line":6,"column":25},"end":{"line":88,"column":1}},"line":6},"1":{"name":"(anonymous_1)","decl":{"start":{"line":9,"column":28},"end":{"line":9,"column":29}},"loc":{"start":{"line":9,"column":39},"end":{"line":9,"column":61}},"line":9},"2":{"name":"(anonymous_2)","decl":{"start":{"line":10,"column":29},"end":{"line":10,"column":30}},"loc":{"start":{"line":10,"column":40},"end":{"line":10,"column":58}},"line":10},"3":{"name":"(anonymous_3)","decl":{"start":{"line":11,"column":30},"end":{"line":11,"column":31}},"loc":{"start":{"line":11,"column":41},"end":{"line":11,"column":60}},"line":11},"4":{"name":"onSubmitClickVal","decl":{"start":{"line":13,"column":11},"end":{"line":13,"column":27}},"loc":{"start":{"line":13,"column":31},"end":{"line":36,"column":3}},"line":13},"5":{"name":"(anonymous_5)","decl":{"start":{"line":33,"column":12},"end":{"line":33,"column":13}},"loc":{"start":{"line":33,"column":21},"end":{"line":33,"column":29}},"line":33},"6":{"name":"(anonymous_6)","decl":{"start":{"line":34,"column":13},"end":{"line":34,"column":14}},"loc":{"start":{"line":34,"column":22},"end":{"line":34,"column":43}},"line":34},"7":{"name":"(anonymous_7)","decl":{"start":{"line":38,"column":21},"end":{"line":38,"column":22}},"loc":{"start":{"line":38,"column":27},"end":{"line":41,"column":3}},"line":38}},"branchMap":{"0":{"loc":{"start":{"line":20,"column":4},"end":{"line":28,"column":5}},"type":"if","locations":[{"start":{"line":20,"column":4},"end":{"line":28,"column":5}},{"start":{"line":24,"column":11},"end":{"line":28,"column":5}}],"line":20},"1":{"loc":{"start":{"line":30,"column":13},"end":{"line":30,"column":43}},"type":"cond-expr","locations":[{"start":{"line":30,"column":22},"end":{"line":30,"column":30}},{"start":{"line":30,"column":33},"end":{"line":30,"column":43}}],"line":30},"2":{"loc":{"start":{"line":51,"column":10},"end":{"line":51,"column":61}},"type":"cond-expr","locations":[{"start":{"line":51,"column":19},"end":{"line":51,"column":39}},{"start":{"line":51,"column":42},"end":{"line":51,"column":61}}],"line":51},"3":{"loc":{"start":{"line":54,"column":9},"end":{"line":54,"column":62}},"type":"cond-expr","locations":[{"start":{"line":54,"column":18},"end":{"line":54,"column":38}},{"start":{"line":54,"column":41},"end":{"line":54,"column":62}}],"line":54},"4":{"loc":{"start":{"line":61,"column":12},"end":{"line":61,"column":56}},"type":"cond-expr","locations":[{"start":{"line":61,"column":21},"end":{"line":61,"column":36}},{"start":{"line":61,"column":39},"end":{"line":61,"column":56}}],"line":61}},"s":{"0":0,"1":0,"2":0,"3":0,"4":0,"5":0,"6":0,"7":0,"8":0,"9":0,"10":0,"11":0,"12":0,"13":0,"14":0,"15":0,"16":0,"17":0,"18":0,"19":0,"20":0,"21":0,"22":0,"23":0},"f":{"0":0,"1":0,"2":0,"3":0,"4":0,"5":0,"6":0,"7":0},"b":{"0":[0,0],"1":[0,0],"2":[0,0],"3":[0,0],"4":[0,0]},"_coverageSchema":"1a1c01bbd47fc00a2c39e90264f33305004495a9","hash":"44ecce6802515c23ad16fcbbc02ffead36310195"}
,"/home/marzmu/hackreactor/fec/productApp/client/src/components/Question.jsx": {"path":"/home/marzmu/hackreactor/fec/productApp/client/src/components/Question.jsx","statementMap":{"0":{"start":{"line":13,"column":28},"end":{"line":13,"column":67}},"1":{"start":{"line":14,"column":32},"end":{"line":14,"column":47}},"2":{"start":{"line":15,"column":24},"end":{"line":15,"column":39}},"3":{"start":{"line":17,"column":19},"end":{"line":17,"column":32}},"4":{"start":{"line":19,"column":15},"end":{"line":23,"column":3}},"5":{"start":{"line":20,"column":4},"end":{"line":20,"column":24}},"6":{"start":{"line":21,"column":4},"end":{"line":21,"column":21}},"7":{"start":{"line":22,"column":4},"end":{"line":22,"column":32}},"8":{"start":{"line":25,"column":17},"end":{"line":27,"column":3}},"9":{"start":{"line":26,"column":4},"end":{"line":26,"column":17}},"10":{"start":{"line":29,"column":21},"end":{"line":35,"column":15}},"11":{"start":{"line":37,"column":16},"end":{"line":37,"column":61}},"12":{"start":{"line":37,"column":40},"end":{"line":37,"column":59}},"13":{"start":{"line":38,"column":2},"end":{"line":38,"column":46}},"14":{"start":{"line":40,"column":16},"end":{"line":42,"column":52}},"15":{"start":{"line":41,"column":19},"end":{"line":41,"column":49}},"16":{"start":{"line":42,"column":21},"end":{"line":42,"column":50}},"17":{"start":{"line":44,"column":2},"end":{"line":46,"column":3}},"18":{"start":{"line":45,"column":4},"end":{"line":45,"column":34}},"19":{"start":{"line":48,"column":2},"end":{"line":71,"column":4}},"20":{"start":{"line":56,"column":25},"end":{"line":56,"column":90}},"21":{"start":{"line":64,"column":10},"end":{"line":66,"column":15}}},"fnMap":{"0":{"name":"Question","decl":{"start":{"line":11,"column":24},"end":{"line":11,"column":32}},"loc":{"start":{"line":11,"column":47},"end":{"line":72,"column":1}},"line":11},"1":{"name":"(anonymous_1)","decl":{"start":{"line":19,"column":15},"end":{"line":19,"column":16}},"loc":{"start":{"line":19,"column":21},"end":{"line":23,"column":3}},"line":19},"2":{"name":"(anonymous_2)","decl":{"start":{"line":25,"column":17},"end":{"line":25,"column":18}},"loc":{"start":{"line":25,"column":23},"end":{"line":27,"column":3}},"line":25},"3":{"name":"(anonymous_3)","decl":{"start":{"line":37,"column":28},"end":{"line":37,"column":29}},"loc":{"start":{"line":37,"column":40},"end":{"line":37,"column":59}},"line":37},"4":{"name":"(anonymous_4)","decl":{"start":{"line":41,"column":12},"end":{"line":41,"column":13}},"loc":{"start":{"line":41,"column":19},"end":{"line":41,"column":49}},"line":41},"5":{"name":"(anonymous_5)","decl":{"start":{"line":42,"column":10},"end":{"line":42,"column":11}},"loc":{"start":{"line":42,"column":21},"end":{"line":42,"column":50}},"line":42},"6":{"name":"(anonymous_6)","decl":{"start":{"line":56,"column":19},"end":{"line":56,"column":20}},"loc":{"start":{"line":56,"column":25},"end":{"line":56,"column":90}},"line":56},"7":{"name":"(anonymous_7)","decl":{"start":{"line":63,"column":22},"end":{"line":63,"column":23}},"loc":{"start":{"line":64,"column":10},"end":{"line":66,"column":15}},"line":64}},"branchMap":{"0":{"loc":{"start":{"line":29,"column":21},"end":{"line":35,"column":15}},"type":"cond-expr","locations":[{"start":{"line":30,"column":6},"end":{"line":32,"column":13}},{"start":{"line":33,"column":6},"end":{"line":35,"column":15}}],"line":29},"1":{"loc":{"start":{"line":38,"column":12},"end":{"line":38,"column":45}},"type":"cond-expr","locations":[{"start":{"line":38,"column":33},"end":{"line":38,"column":40}},{"start":{"line":38,"column":43},"end":{"line":38,"column":45}}],"line":38},"2":{"loc":{"start":{"line":44,"column":2},"end":{"line":46,"column":3}},"type":"if","locations":[{"start":{"line":44,"column":2},"end":{"line":46,"column":3}},{"start":{},"end":{}}],"line":44}},"s":{"0":0,"1":0,"2":0,"3":0,"4":0,"5":0,"6":0,"7":0,"8":0,"9":0,"10":0,"11":0,"12":0,"13":0,"14":0,"15":0,"16":0,"17":0,"18":0,"19":0,"20":0,"21":0},"f":{"0":0,"1":0,"2":0,"3":0,"4":0,"5":0,"6":0,"7":0},"b":{"0":[0,0],"1":[0,0],"2":[0,0]},"_coverageSchema":"1a1c01bbd47fc00a2c39e90264f33305004495a9","hash":"ab28cec01ac223bb0b2c177b2ffb6641e028d852"}
,"/home/marzmu/hackreactor/fec/productApp/client/src/components/QuestionList.jsx": {"path":"/home/marzmu/hackreactor/fec/productApp/client/src/components/QuestionList.jsx","statementMap":{"0":{"start":{"line":15,"column":17},"end":{"line":15,"column":59}},"1":{"start":{"line":15,"column":40},"end":{"line":15,"column":58}},"2":{"start":{"line":16,"column":17},"end":{"line":16,"column":59}},"3":{"start":{"line":16,"column":40},"end":{"line":16,"column":58}},"4":{"start":{"line":17,"column":19},"end":{"line":17,"column":32}},"5":{"start":{"line":20,"column":20},"end":{"line":20,"column":60}},"6":{"start":{"line":24,"column":2},"end":{"line":31,"column":3}},"7":{"start":{"line":25,"column":4},"end":{"line":25,"column":61}},"8":{"start":{"line":26,"column":4},"end":{"line":30,"column":7}},"9":{"start":{"line":27,"column":6},"end":{"line":29,"column":11}},"10":{"start":{"line":33,"column":2},"end":{"line":53,"column":4}},"11":{"start":{"line":39,"column":32},"end":{"line":39,"column":91}},"12":{"start":{"line":45,"column":31},"end":{"line":45,"column":84}},"13":{"start":{"line":48,"column":31},"end":{"line":48,"column":75}},"14":{"start":{"line":56,"column":24},"end":{"line":61,"column":2}},"15":{"start":{"line":56,"column":36},"end":{"line":61,"column":1}},"16":{"start":{"line":66,"column":30},"end":{"line":66,"column":74}}},"fnMap":{"0":{"name":"QuestionList","decl":{"start":{"line":13,"column":9},"end":{"line":13,"column":21}},"loc":{"start":{"line":13,"column":59},"end":{"line":54,"column":1}},"line":13},"1":{"name":"(anonymous_1)","decl":{"start":{"line":15,"column":29},"end":{"line":15,"column":30}},"loc":{"start":{"line":15,"column":40},"end":{"line":15,"column":58}},"line":15},"2":{"name":"(anonymous_2)","decl":{"start":{"line":16,"column":29},"end":{"line":16,"column":30}},"loc":{"start":{"line":16,"column":40},"end":{"line":16,"column":58}},"line":16},"3":{"name":"(anonymous_3)","decl":{"start":{"line":26,"column":34},"end":{"line":26,"column":35}},"loc":{"start":{"line":27,"column":6},"end":{"line":29,"column":11}},"line":27},"4":{"name":"(anonymous_4)","decl":{"start":{"line":39,"column":25},"end":{"line":39,"column":26}},"loc":{"start":{"line":39,"column":32},"end":{"line":39,"column":91}},"line":39},"5":{"name":"(anonymous_5)","decl":{"start":{"line":45,"column":25},"end":{"line":45,"column":26}},"loc":{"start":{"line":45,"column":31},"end":{"line":45,"column":84}},"line":45},"6":{"name":"(anonymous_6)","decl":{"start":{"line":48,"column":25},"end":{"line":48,"column":26}},"loc":{"start":{"line":48,"column":31},"end":{"line":48,"column":75}},"line":48},"7":{"name":"(anonymous_7)","decl":{"start":{"line":56,"column":24},"end":{"line":56,"column":25}},"loc":{"start":{"line":56,"column":36},"end":{"line":61,"column":1}},"line":56}},"branchMap":{"0":{"loc":{"start":{"line":24,"column":2},"end":{"line":31,"column":3}},"type":"if","locations":[{"start":{"line":24,"column":2},"end":{"line":31,"column":3}},{"start":{},"end":{}}],"line":24},"1":{"loc":{"start":{"line":35,"column":8},"end":{"line":35,"column":55}},"type":"binary-expr","locations":[{"start":{"line":35,"column":8},"end":{"line":35,"column":14}},{"start":{"line":35,"column":18},"end":{"line":35,"column":55}}],"line":35},"2":{"loc":{"start":{"line":36,"column":8},"end":{"line":36,"column":55}},"type":"binary-expr","locations":[{"start":{"line":36,"column":8},"end":{"line":36,"column":14}},{"start":{"line":36,"column":18},"end":{"line":36,"column":55}}],"line":36},"3":{"loc":{"start":{"line":41,"column":14},"end":{"line":41,"column":55}},"type":"cond-expr","locations":[{"start":{"line":41,"column":28},"end":{"line":41,"column":40}},{"start":{"line":41,"column":43},"end":{"line":41,"column":55}}],"line":41},"4":{"loc":{"start":{"line":46,"column":11},"end":{"line":46,"column":74}},"type":"cond-expr","locations":[{"start":{"line":46,"column":25},"end":{"line":46,"column":45}},{"start":{"line":46,"column":48},"end":{"line":46,"column":74}}],"line":46}},"s":{"0":1,"1":1,"2":1,"3":1,"4":1,"5":1,"6":1,"7":0,"8":0,"9":0,"10":1,"11":0,"12":0,"13":0,"14":1,"15":1,"16":1},"f":{"0":1,"1":1,"2":1,"3":0,"4":0,"5":0,"6":0,"7":1},"b":{"0":[0,1],"1":[1,0],"2":[1,0],"3":[0,1],"4":[0,1]},"_coverageSchema":"1a1c01bbd47fc00a2c39e90264f33305004495a9","hash":"6173e97e69a92a3606bbad316ca5d6e7af432f35"}
,"/home/marzmu/hackreactor/fec/productApp/client/src/components/Ratings.jsx": {"path":"/home/marzmu/hackreactor/fec/productApp/client/src/components/Ratings.jsx","statementMap":{"0":{"start":{"line":12,"column":2},"end":{"line":16,"column":13}},"1":{"start":{"line":14,"column":6},"end":{"line":14,"column":71}},"2":{"start":{"line":21,"column":15},"end":{"line":21,"column":56}},"3":{"start":{"line":21,"column":39},"end":{"line":21,"column":55}},"4":{"start":{"line":22,"column":16},"end":{"line":24,"column":3}},"5":{"start":{"line":23,"column":21},"end":{"line":23,"column":40}},"6":{"start":{"line":25,"column":2},"end":{"line":25,"column":56}},"7":{"start":{"line":30,"column":16},"end":{"line":33,"column":3}},"8":{"start":{"line":31,"column":19},"end":{"line":31,"column":36}},"9":{"start":{"line":34,"column":2},"end":{"line":34,"column":45}},"10":{"start":{"line":39,"column":2},"end":{"line":39,"column":55}},"11":{"start":{"line":44,"column":19},"end":{"line":44,"column":20}},"12":{"start":{"line":46,"column":2},"end":{"line":50,"column":5}},"13":{"start":{"line":47,"column":4},"end":{"line":49,"column":5}},"14":{"start":{"line":48,"column":6},"end":{"line":48,"column":19}},"15":{"start":{"line":52,"column":26},"end":{"line":52,"column":61}},"16":{"start":{"line":55,"column":27},"end":{"line":57,"column":3}},"17":{"start":{"line":59,"column":2},"end":{"line":83,"column":4}},"18":{"start":{"line":90,"column":2},"end":{"line":143,"column":4}},"19":{"start":{"line":112,"column":30},"end":{"line":112,"column":47}},"20":{"start":{"line":114,"column":30},"end":{"line":114,"column":47}},"21":{"start":{"line":116,"column":30},"end":{"line":116,"column":47}},"22":{"start":{"line":118,"column":30},"end":{"line":118,"column":47}},"23":{"start":{"line":120,"column":30},"end":{"line":120,"column":47}},"24":{"start":{"line":146,"column":25},"end":{"line":155,"column":10}},"25":{"start":{"line":147,"column":14},"end":{"line":149,"column":3}},"26":{"start":{"line":150,"column":17},"end":{"line":154,"column":3}},"27":{"start":{"line":151,"column":29},"end":{"line":151,"column":70}},"28":{"start":{"line":152,"column":26},"end":{"line":152,"column":73}},"29":{"start":{"line":152,"column":44},"end":{"line":152,"column":72}}},"fnMap":{"0":{"name":"sortReviews","decl":{"start":{"line":11,"column":9},"end":{"line":11,"column":20}},"loc":{"start":{"line":11,"column":43},"end":{"line":17,"column":1}},"line":11},"1":{"name":"(anonymous_1)","decl":{"start":{"line":13,"column":10},"end":{"line":13,"column":11}},"loc":{"start":{"line":13,"column":24},"end":{"line":15,"column":5}},"line":13},"2":{"name":"getPercentageRecommended","decl":{"start":{"line":20,"column":9},"end":{"line":20,"column":33}},"loc":{"start":{"line":20,"column":43},"end":{"line":26,"column":1}},"line":20},"3":{"name":"(anonymous_3)","decl":{"start":{"line":21,"column":27},"end":{"line":21,"column":28}},"loc":{"start":{"line":21,"column":39},"end":{"line":21,"column":55}},"line":21},"4":{"name":"(anonymous_4)","decl":{"start":{"line":23,"column":4},"end":{"line":23,"column":5}},"loc":{"start":{"line":23,"column":21},"end":{"line":23,"column":40}},"line":23},"5":{"name":"averageToNearestTenth","decl":{"start":{"line":29,"column":9},"end":{"line":29,"column":30}},"loc":{"start":{"line":29,"column":40},"end":{"line":35,"column":1}},"line":29},"6":{"name":"(anonymous_6)","decl":{"start":{"line":31,"column":4},"end":{"line":31,"column":5}},"loc":{"start":{"line":31,"column":19},"end":{"line":31,"column":36}},"line":31},"7":{"name":"filterByRating","decl":{"start":{"line":38,"column":9},"end":{"line":38,"column":23}},"loc":{"start":{"line":38,"column":31},"end":{"line":40,"column":1}},"line":38},"8":{"name":"addStarAndBar","decl":{"start":{"line":43,"column":9},"end":{"line":43,"column":22}},"loc":{"start":{"line":43,"column":39},"end":{"line":84,"column":1}},"line":43},"9":{"name":"(anonymous_9)","decl":{"start":{"line":46,"column":18},"end":{"line":46,"column":19}},"loc":{"start":{"line":46,"column":30},"end":{"line":50,"column":3}},"line":46},"10":{"name":"Ratings","decl":{"start":{"line":89,"column":9},"end":{"line":89,"column":16}},"loc":{"start":{"line":89,"column":48},"end":{"line":144,"column":1}},"line":89},"11":{"name":"(anonymous_11)","decl":{"start":{"line":112,"column":24},"end":{"line":112,"column":25}},"loc":{"start":{"line":112,"column":30},"end":{"line":112,"column":47}},"line":112},"12":{"name":"(anonymous_12)","decl":{"start":{"line":114,"column":24},"end":{"line":114,"column":25}},"loc":{"start":{"line":114,"column":30},"end":{"line":114,"column":47}},"line":114},"13":{"name":"(anonymous_13)","decl":{"start":{"line":116,"column":24},"end":{"line":116,"column":25}},"loc":{"start":{"line":116,"column":30},"end":{"line":116,"column":47}},"line":116},"14":{"name":"(anonymous_14)","decl":{"start":{"line":118,"column":24},"end":{"line":118,"column":25}},"loc":{"start":{"line":118,"column":30},"end":{"line":118,"column":47}},"line":118},"15":{"name":"(anonymous_15)","decl":{"start":{"line":120,"column":24},"end":{"line":120,"column":25}},"loc":{"start":{"line":120,"column":30},"end":{"line":120,"column":47}},"line":120},"16":{"name":"(anonymous_16)","decl":{"start":{"line":147,"column":2},"end":{"line":147,"column":3}},"loc":{"start":{"line":147,"column":14},"end":{"line":149,"column":3}},"line":147},"17":{"name":"(anonymous_17)","decl":{"start":{"line":150,"column":2},"end":{"line":150,"column":3}},"loc":{"start":{"line":150,"column":17},"end":{"line":154,"column":3}},"line":150},"18":{"name":"(anonymous_18)","decl":{"start":{"line":151,"column":16},"end":{"line":151,"column":17}},"loc":{"start":{"line":151,"column":29},"end":{"line":151,"column":70}},"line":151},"19":{"name":"(anonymous_19)","decl":{"start":{"line":152,"column":10},"end":{"line":152,"column":11}},"loc":{"start":{"line":152,"column":26},"end":{"line":152,"column":73}},"line":152},"20":{"name":"(anonymous_20)","decl":{"start":{"line":152,"column":35},"end":{"line":152,"column":36}},"loc":{"start":{"line":152,"column":44},"end":{"line":152,"column":72}},"line":152}},"branchMap":{"0":{"loc":{"start":{"line":47,"column":4},"end":{"line":49,"column":5}},"type":"if","locations":[{"start":{"line":47,"column":4},"end":{"line":49,"column":5}},{"start":{},"end":{}}],"line":47},"1":{"loc":{"start":{"line":99,"column":11},"end":{"line":99,"column":89}},"type":"cond-expr","locations":[{"start":{"line":99,"column":44},"end":{"line":99,"column":74}},{"start":{"line":99,"column":77},"end":{"line":99,"column":89}}],"line":99},"2":{"loc":{"start":{"line":104,"column":11},"end":{"line":106,"column":26}},"type":"cond-expr","locations":[{"start":{"line":105,"column":14},"end":{"line":105,"column":87}},{"start":{"line":106,"column":14},"end":{"line":106,"column":26}}],"line":104}},"s":{"0":0,"1":0,"2":1,"3":0,"4":1,"5":0,"6":1,"7":3,"8":0,"9":3,"10":0,"11":5,"12":5,"13":0,"14":0,"15":5,"16":5,"17":5,"18":1,"19":0,"20":0,"21":0,"22":0,"23":0,"24":1,"25":1,"26":1,"27":0,"28":0,"29":0},"f":{"0":0,"1":0,"2":1,"3":0,"4":0,"5":3,"6":0,"7":0,"8":5,"9":0,"10":1,"11":0,"12":0,"13":0,"14":0,"15":0,"16":1,"17":1,"18":0,"19":0,"20":0},"b":{"0":[0,0],"1":[1,0],"2":[0,1]},"_coverageSchema":"1a1c01bbd47fc00a2c39e90264f33305004495a9","hash":"04e675b56e81356edf6778a04a2292085bb50c63"}
,"/home/marzmu/hackreactor/fec/productApp/client/src/components/RelatedProductCard.jsx": {"path":"/home/marzmu/hackreactor/fec/productApp/client/src/components/RelatedProductCard.jsx","statementMap":{"0":{"start":{"line":11,"column":2},"end":{"line":19,"column":4}}},"fnMap":{"0":{"name":"RelatedProductsComponent","decl":{"start":{"line":10,"column":9},"end":{"line":10,"column":33}},"loc":{"start":{"line":10,"column":47},"end":{"line":20,"column":1}},"line":10}},"branchMap":{},"s":{"0":0},"f":{"0":0},"b":{},"_coverageSchema":"1a1c01bbd47fc00a2c39e90264f33305004495a9","hash":"24ecfbb15bad2502beeedabc002637878c7cf810"}
,"/home/marzmu/hackreactor/fec/productApp/client/src/components/RelatedProducts.jsx": {"path":"/home/marzmu/hackreactor/fec/productApp/client/src/components/RelatedProducts.jsx","statementMap":{"0":{"start":{"line":5,"column":15},"end":{"line":5,"column":17}},"1":{"start":{"line":12,"column":2},"end":{"line":23,"column":4}},"2":{"start":{"line":16,"column":34},"end":{"line":16,"column":77}},"3":{"start":{"line":20,"column":33},"end":{"line":20,"column":76}},"4":{"start":{"line":26,"column":32},"end":{"line":30,"column":27}},"5":{"start":{"line":27,"column":14},"end":{"line":29,"column":3}}},"fnMap":{"0":{"name":"RelatedProductsComponent","decl":{"start":{"line":11,"column":9},"end":{"line":11,"column":33}},"loc":{"start":{"line":11,"column":47},"end":{"line":24,"column":1}},"line":11},"1":{"name":"(anonymous_1)","decl":{"start":{"line":16,"column":21},"end":{"line":16,"column":22}},"loc":{"start":{"line":16,"column":34},"end":{"line":16,"column":77}},"line":16},"2":{"name":"(anonymous_2)","decl":{"start":{"line":20,"column":20},"end":{"line":20,"column":21}},"loc":{"start":{"line":20,"column":33},"end":{"line":20,"column":76}},"line":20},"3":{"name":"(anonymous_3)","decl":{"start":{"line":27,"column":2},"end":{"line":27,"column":3}},"loc":{"start":{"line":27,"column":14},"end":{"line":29,"column":3}},"line":27}},"branchMap":{},"s":{"0":1,"1":1,"2":0,"3":0,"4":1,"5":1},"f":{"0":1,"1":0,"2":0,"3":1},"b":{},"_coverageSchema":"1a1c01bbd47fc00a2c39e90264f33305004495a9","hash":"b41fff166a792e8e7d8d6e477860e068beae6eeb"}
,"/home/marzmu/hackreactor/fec/productApp/client/src/components/Review.jsx": {"path":"/home/marzmu/hackreactor/fec/productApp/client/src/components/Review.jsx","statementMap":{"0":{"start":{"line":9,"column":21},"end":{"line":9,"column":27}},"1":{"start":{"line":10,"column":22},"end":{"line":10,"column":47}},"2":{"start":{"line":11,"column":22},"end":{"line":11,"column":44}},"3":{"start":{"line":13,"column":4},"end":{"line":21,"column":5}},"4":{"start":{"line":14,"column":6},"end":{"line":20,"column":8}},"5":{"start":{"line":23,"column":4},"end":{"line":27,"column":6}},"6":{"start":{"line":31,"column":2},"end":{"line":79,"column":4}}},"fnMap":{"0":{"name":"Review","decl":{"start":{"line":5,"column":9},"end":{"line":5,"column":15}},"loc":{"start":{"line":5,"column":28},"end":{"line":80,"column":1}},"line":5},"1":{"name":"splitLines","decl":{"start":{"line":8,"column":11},"end":{"line":8,"column":21}},"loc":{"start":{"line":8,"column":34},"end":{"line":28,"column":3}},"line":8}},"branchMap":{"0":{"loc":{"start":{"line":13,"column":4},"end":{"line":21,"column":5}},"type":"if","locations":[{"start":{"line":13,"column":4},"end":{"line":21,"column":5}},{"start":{},"end":{}}],"line":13},"1":{"loc":{"start":{"line":56,"column":9},"end":{"line":66,"column":14}},"type":"cond-expr","locations":[{"start":{"line":58,"column":12},"end":{"line":64,"column":18}},{"start":{"line":66,"column":12},"end":{"line":66,"column":14}}],"line":56},"2":{"loc":{"start":{"line":70,"column":9},"end":{"line":70,"column":66}},"type":"cond-expr","locations":[{"start":{"line":70,"column":27},"end":{"line":70,"column":61}},{"start":{"line":70,"column":64},"end":{"line":70,"column":66}}],"line":70}},"s":{"0":0,"1":0,"2":0,"3":0,"4":0,"5":0,"6":0},"f":{"0":0,"1":0},"b":{"0":[0,0],"1":[0,0],"2":[0,0]},"_coverageSchema":"1a1c01bbd47fc00a2c39e90264f33305004495a9","hash":"64bf9337d96076bc34ff58efd33272f74d7e13af"}
,"/home/marzmu/hackreactor/fec/productApp/client/src/components/ReviewsList.jsx": {"path":"/home/marzmu/hackreactor/fec/productApp/client/src/components/ReviewsList.jsx","statementMap":{"0":{"start":{"line":6,"column":28},"end":{"line":6,"column":39}},"1":{"start":{"line":12,"column":4},"end":{"line":19,"column":6}},"2":{"start":{"line":14,"column":8},"end":{"line":17,"column":10}},"3":{"start":{"line":23,"column":4},"end":{"line":23,"column":36}},"4":{"start":{"line":24,"column":4},"end":{"line":24,"column":29}},"5":{"start":{"line":27,"column":2},"end":{"line":82,"column":4}},"6":{"start":{"line":53,"column":12},"end":{"line":57,"column":14}},"7":{"start":{"line":60,"column":12},"end":{"line":64,"column":14}},"8":{"start":{"line":73,"column":25},"end":{"line":73,"column":44}}},"fnMap":{"0":{"name":"ReviewsList","decl":{"start":{"line":4,"column":9},"end":{"line":4,"column":20}},"loc":{"start":{"line":4,"column":40},"end":{"line":83,"column":1}},"line":4},"1":{"name":"mapReviews","decl":{"start":{"line":11,"column":11},"end":{"line":11,"column":21}},"loc":{"start":{"line":11,"column":36},"end":{"line":20,"column":3}},"line":11},"2":{"name":"(anonymous_2)","decl":{"start":{"line":13,"column":6},"end":{"line":13,"column":7}},"loc":{"start":{"line":14,"column":8},"end":{"line":17,"column":10}},"line":14},"3":{"name":"handleOptionChange","decl":{"start":{"line":22,"column":11},"end":{"line":22,"column":29}},"loc":{"start":{"line":22,"column":37},"end":{"line":25,"column":3}},"line":22},"4":{"name":"(anonymous_4)","decl":{"start":{"line":52,"column":36},"end":{"line":52,"column":37}},"loc":{"start":{"line":53,"column":12},"end":{"line":57,"column":14}},"line":53},"5":{"name":"(anonymous_5)","decl":{"start":{"line":59,"column":24},"end":{"line":59,"column":25}},"loc":{"start":{"line":60,"column":12},"end":{"line":64,"column":14}},"line":60},"6":{"name":"(anonymous_6)","decl":{"start":{"line":73,"column":19},"end":{"line":73,"column":20}},"loc":{"start":{"line":73,"column":25},"end":{"line":73,"column":44}},"line":73}},"branchMap":{"0":{"loc":{"start":{"line":51,"column":9},"end":{"line":65,"column":12}},"type":"cond-expr","locations":[{"start":{"line":52,"column":12},"end":{"line":58,"column":12}},{"start":{"line":59,"column":12},"end":{"line":65,"column":12}}],"line":51},"1":{"loc":{"start":{"line":69,"column":8},"end":{"line":77,"column":12}},"type":"cond-expr","locations":[{"start":{"line":70,"column":8},"end":{"line":76,"column":17}},{"start":{"line":77,"column":10},"end":{"line":77,"column":12}}],"line":69}},"s":{"0":1,"1":0,"2":0,"3":0,"4":0,"5":1,"6":0,"7":0,"8":0},"f":{"0":1,"1":0,"2":0,"3":0,"4":0,"5":0,"6":0},"b":{"0":[1,0],"1":[1,0]},"_coverageSchema":"1a1c01bbd47fc00a2c39e90264f33305004495a9","hash":"5abdade2ef9a7880cbd982a03001859973a960d1"}
,"/home/marzmu/hackreactor/fec/productApp/client/src/components/Setter.jsx": {"path":"/home/marzmu/hackreactor/fec/productApp/client/src/components/Setter.jsx","statementMap":{"0":{"start":{"line":7,"column":17},"end":{"line":7,"column":60}},"1":{"start":{"line":7,"column":42},"end":{"line":7,"column":59}},"2":{"start":{"line":8,"column":2},"end":{"line":8,"column":16}},"3":{"start":{"line":20,"column":8},"end":{"line":20,"column":18}},"4":{"start":{"line":22,"column":4},"end":{"line":26,"column":62}},"5":{"start":{"line":24,"column":8},"end":{"line":24,"column":38}},"6":{"start":{"line":26,"column":19},"end":{"line":26,"column":60}},"7":{"start":{"line":28,"column":4},"end":{"line":33,"column":40}},"8":{"start":{"line":30,"column":8},"end":{"line":30,"column":41}},"9":{"start":{"line":31,"column":8},"end":{"line":31,"column":65}},"10":{"start":{"line":33,"column":22},"end":{"line":33,"column":38}},"11":{"start":{"line":35,"column":4},"end":{"line":39,"column":40}},"12":{"start":{"line":37,"column":8},"end":{"line":37,"column":43}},"13":{"start":{"line":39,"column":22},"end":{"line":39,"column":38}},"14":{"start":{"line":41,"column":4},"end":{"line":45,"column":50}},"15":{"start":{"line":43,"column":8},"end":{"line":43,"column":37}},"16":{"start":{"line":45,"column":22},"end":{"line":45,"column":48}},"17":{"start":{"line":47,"column":4},"end":{"line":51,"column":45}},"18":{"start":{"line":49,"column":8},"end":{"line":49,"column":31}},"19":{"start":{"line":51,"column":24},"end":{"line":51,"column":41}},"20":{"start":{"line":54,"column":13},"end":{"line":54,"column":27}},"21":{"start":{"line":57,"column":24},"end":{"line":73,"column":9}},"22":{"start":{"line":58,"column":14},"end":{"line":63,"column":3}},"23":{"start":{"line":65,"column":17},"end":{"line":72,"column":3}},"24":{"start":{"line":66,"column":30},"end":{"line":66,"column":85}},"25":{"start":{"line":67,"column":27},"end":{"line":67,"column":69}},"26":{"start":{"line":68,"column":33},"end":{"line":68,"column":93}},"27":{"start":{"line":69,"column":27},"end":{"line":69,"column":76}},"28":{"start":{"line":70,"column":26},"end":{"line":70,"column":74}},"29":{"start":{"line":71,"column":29},"end":{"line":71,"column":70}}},"fnMap":{"0":{"name":"setDefaultStyle","decl":{"start":{"line":5,"column":9},"end":{"line":5,"column":24}},"loc":{"start":{"line":5,"column":33},"end":{"line":9,"column":1}},"line":5},"1":{"name":"(anonymous_1)","decl":{"start":{"line":7,"column":31},"end":{"line":7,"column":32}},"loc":{"start":{"line":7,"column":42},"end":{"line":7,"column":59}},"line":7},"2":{"name":"(anonymous_2)","decl":{"start":{"line":12,"column":2},"end":{"line":12,"column":3}},"loc":{"start":{"line":12,"column":22},"end":{"line":52,"column":3}},"line":12},"3":{"name":"(anonymous_3)","decl":{"start":{"line":23,"column":12},"end":{"line":23,"column":13}},"loc":{"start":{"line":23,"column":26},"end":{"line":25,"column":7}},"line":23},"4":{"name":"(anonymous_4)","decl":{"start":{"line":26,"column":13},"end":{"line":26,"column":14}},"loc":{"start":{"line":26,"column":19},"end":{"line":26,"column":60}},"line":26},"5":{"name":"(anonymous_5)","decl":{"start":{"line":29,"column":12},"end":{"line":29,"column":13}},"loc":{"start":{"line":29,"column":26},"end":{"line":32,"column":7}},"line":29},"6":{"name":"(anonymous_6)","decl":{"start":{"line":33,"column":13},"end":{"line":33,"column":14}},"loc":{"start":{"line":33,"column":22},"end":{"line":33,"column":38}},"line":33},"7":{"name":"(anonymous_7)","decl":{"start":{"line":36,"column":12},"end":{"line":36,"column":13}},"loc":{"start":{"line":36,"column":26},"end":{"line":38,"column":7}},"line":36},"8":{"name":"(anonymous_8)","decl":{"start":{"line":39,"column":13},"end":{"line":39,"column":14}},"loc":{"start":{"line":39,"column":22},"end":{"line":39,"column":38}},"line":39},"9":{"name":"(anonymous_9)","decl":{"start":{"line":42,"column":12},"end":{"line":42,"column":13}},"loc":{"start":{"line":42,"column":21},"end":{"line":44,"column":7}},"line":42},"10":{"name":"(anonymous_10)","decl":{"start":{"line":45,"column":13},"end":{"line":45,"column":14}},"loc":{"start":{"line":45,"column":22},"end":{"line":45,"column":48}},"line":45},"11":{"name":"(anonymous_11)","decl":{"start":{"line":48,"column":12},"end":{"line":48,"column":13}},"loc":{"start":{"line":48,"column":21},"end":{"line":50,"column":7}},"line":48},"12":{"name":"(anonymous_12)","decl":{"start":{"line":51,"column":13},"end":{"line":51,"column":14}},"loc":{"start":{"line":51,"column":22},"end":{"line":51,"column":43}},"line":51},"13":{"name":"(anonymous_13)","decl":{"start":{"line":54,"column":2},"end":{"line":54,"column":3}},"loc":{"start":{"line":54,"column":11},"end":{"line":54,"column":29}},"line":54},"14":{"name":"(anonymous_14)","decl":{"start":{"line":58,"column":2},"end":{"line":58,"column":3}},"loc":{"start":{"line":58,"column":14},"end":{"line":63,"column":3}},"line":58},"15":{"name":"(anonymous_15)","decl":{"start":{"line":65,"column":2},"end":{"line":65,"column":3}},"loc":{"start":{"line":65,"column":17},"end":{"line":72,"column":3}},"line":65},"16":{"name":"(anonymous_16)","decl":{"start":{"line":66,"column":20},"end":{"line":66,"column":21}},"loc":{"start":{"line":66,"column":30},"end":{"line":66,"column":85}},"line":66},"17":{"name":"(anonymous_17)","decl":{"start":{"line":67,"column":15},"end":{"line":67,"column":16}},"loc":{"start":{"line":67,"column":27},"end":{"line":67,"column":69}},"line":67},"18":{"name":"(anonymous_18)","decl":{"start":{"line":68,"column":22},"end":{"line":68,"column":23}},"loc":{"start":{"line":68,"column":33},"end":{"line":68,"column":93}},"line":68},"19":{"name":"(anonymous_19)","decl":{"start":{"line":69,"column":17},"end":{"line":69,"column":18}},"loc":{"start":{"line":69,"column":27},"end":{"line":69,"column":76}},"line":69},"20":{"name":"(anonymous_20)","decl":{"start":{"line":70,"column":18},"end":{"line":70,"column":19}},"loc":{"start":{"line":70,"column":26},"end":{"line":70,"column":74}},"line":70},"21":{"name":"(anonymous_21)","decl":{"start":{"line":71,"column":16},"end":{"line":71,"column":17}},"loc":{"start":{"line":71,"column":29},"end":{"line":71,"column":70}},"line":71}},"branchMap":{},"s":{"0":0,"1":0,"2":0,"3":1,"4":1,"5":0,"6":0,"7":1,"8":0,"9":0,"10":0,"11":1,"12":0,"13":0,"14":1,"15":0,"16":0,"17":1,"18":0,"19":0,"20":1,"21":1,"22":1,"23":1,"24":0,"25":0,"26":0,"27":0,"28":0,"29":0},"f":{"0":0,"1":0,"2":1,"3":0,"4":0,"5":0,"6":0,"7":0,"8":0,"9":0,"10":0,"11":0,"12":0,"13":1,"14":1,"15":1,"16":0,"17":0,"18":0,"19":0,"20":0,"21":0},"b":{},"_coverageSchema":"1a1c01bbd47fc00a2c39e90264f33305004495a9","hash":"06d707be99f4b0a81ed7a3a52912e8489d65dd1a"}
,"/home/marzmu/hackreactor/fec/productApp/client/src/components/Stars.jsx": {"path":"/home/marzmu/hackreactor/fec/productApp/client/src/components/Stars.jsx","statementMap":{"0":{"start":{"line":5,"column":14},"end":{"line":5,"column":15}},"1":{"start":{"line":6,"column":20},"end":{"line":6,"column":21}},"2":{"start":{"line":7,"column":2},"end":{"line":10,"column":5}},"3":{"start":{"line":8,"column":4},"end":{"line":8,"column":32}},"4":{"start":{"line":9,"column":4},"end":{"line":9,"column":42}},"5":{"start":{"line":11,"column":2},"end":{"line":11,"column":29}},"6":{"start":{"line":15,"column":14},"end":{"line":15,"column":15}},"7":{"start":{"line":16,"column":2},"end":{"line":21,"column":3}},"8":{"start":{"line":18,"column":4},"end":{"line":18,"column":35}},"9":{"start":{"line":19,"column":9},"end":{"line":21,"column":3}},"10":{"start":{"line":20,"column":4},"end":{"line":20,"column":20}},"11":{"start":{"line":25,"column":2},"end":{"line":25,"column":36}},"12":{"start":{"line":26,"column":2},"end":{"line":30,"column":3}},"13":{"start":{"line":27,"column":4},"end":{"line":27,"column":15}},"14":{"start":{"line":28,"column":9},"end":{"line":30,"column":3}},"15":{"start":{"line":29,"column":4},"end":{"line":29,"column":15}},"16":{"start":{"line":32,"column":2},"end":{"line":32,"column":32}},"17":{"start":{"line":36,"column":2},"end":{"line":53,"column":4}}},"fnMap":{"0":{"name":"reviewAverage","decl":{"start":{"line":4,"column":9},"end":{"line":4,"column":22}},"loc":{"start":{"line":4,"column":32},"end":{"line":12,"column":1}},"line":4},"1":{"name":"(anonymous_1)","decl":{"start":{"line":7,"column":31},"end":{"line":7,"column":32}},"loc":{"start":{"line":7,"column":38},"end":{"line":10,"column":3}},"line":7},"2":{"name":"calcWidth","decl":{"start":{"line":14,"column":9},"end":{"line":14,"column":18}},"loc":{"start":{"line":14,"column":28},"end":{"line":33,"column":1}},"line":14},"3":{"name":"Stars","decl":{"start":{"line":35,"column":9},"end":{"line":35,"column":14}},"loc":{"start":{"line":35,"column":27},"end":{"line":54,"column":1}},"line":35}},"branchMap":{"0":{"loc":{"start":{"line":16,"column":2},"end":{"line":21,"column":3}},"type":"if","locations":[{"start":{"line":16,"column":2},"end":{"line":21,"column":3}},{"start":{"line":19,"column":9},"end":{"line":21,"column":3}}],"line":16},"1":{"loc":{"start":{"line":19,"column":9},"end":{"line":21,"column":3}},"type":"if","locations":[{"start":{"line":19,"column":9},"end":{"line":21,"column":3}},{"start":{},"end":{}}],"line":19},"2":{"loc":{"start":{"line":26,"column":2},"end":{"line":30,"column":3}},"type":"if","locations":[{"start":{"line":26,"column":2},"end":{"line":30,"column":3}},{"start":{"line":28,"column":9},"end":{"line":30,"column":3}}],"line":26},"3":{"loc":{"start":{"line":28,"column":9},"end":{"line":30,"column":3}},"type":"if","locations":[{"start":{"line":28,"column":9},"end":{"line":30,"column":3}},{"start":{},"end":{}}],"line":28}},"s":{"0":1,"1":1,"2":1,"3":0,"4":0,"5":1,"6":2,"7":2,"8":1,"9":1,"10":0,"11":2,"12":2,"13":1,"14":1,"15":0,"16":2,"17":2},"f":{"0":1,"1":0,"2":2,"3":2},"b":{"0":[1,1],"1":[0,1],"2":[1,1],"3":[0,1]},"_coverageSchema":"1a1c01bbd47fc00a2c39e90264f33305004495a9","hash":"47458ebb429d5515308eba09bbed6165655461b9"}
,"/home/marzmu/hackreactor/fec/productApp/client/src/components/StyleBubble.jsx": {"path":"/home/marzmu/hackreactor/fec/productApp/client/src/components/StyleBubble.jsx","statementMap":{"0":{"start":{"line":8,"column":4},"end":{"line":8,"column":30}},"1":{"start":{"line":9,"column":4},"end":{"line":9,"column":23}},"2":{"start":{"line":13,"column":2},"end":{"line":19,"column":3}},"3":{"start":{"line":14,"column":4},"end":{"line":18,"column":6}},"4":{"start":{"line":23,"column":29},"end":{"line":33,"column":14}},"5":{"start":{"line":24,"column":14},"end":{"line":27,"column":3}},"6":{"start":{"line":28,"column":17},"end":{"line":31,"column":3}},"7":{"start":{"line":29,"column":33},"end":{"line":29,"column":93}},"8":{"start":{"line":30,"column":29},"end":{"line":30,"column":83}}},"fnMap":{"0":{"name":"StyleBubble","decl":{"start":{"line":5,"column":9},"end":{"line":5,"column":20}},"loc":{"start":{"line":5,"column":66},"end":{"line":20,"column":1}},"line":5},"1":{"name":"handleClick","decl":{"start":{"line":7,"column":11},"end":{"line":7,"column":22}},"loc":{"start":{"line":7,"column":25},"end":{"line":10,"column":3}},"line":7},"2":{"name":"(anonymous_2)","decl":{"start":{"line":24,"column":2},"end":{"line":24,"column":3}},"loc":{"start":{"line":24,"column":14},"end":{"line":27,"column":3}},"line":24},"3":{"name":"(anonymous_3)","decl":{"start":{"line":28,"column":2},"end":{"line":28,"column":3}},"loc":{"start":{"line":28,"column":17},"end":{"line":31,"column":3}},"line":28},"4":{"name":"(anonymous_4)","decl":{"start":{"line":29,"column":22},"end":{"line":29,"column":23}},"loc":{"start":{"line":29,"column":33},"end":{"line":29,"column":93}},"line":29},"5":{"name":"(anonymous_5)","decl":{"start":{"line":30,"column":20},"end":{"line":30,"column":21}},"loc":{"start":{"line":30,"column":29},"end":{"line":30,"column":83}},"line":30}},"branchMap":{"0":{"loc":{"start":{"line":13,"column":2},"end":{"line":19,"column":3}},"type":"if","locations":[{"start":{"line":13,"column":2},"end":{"line":19,"column":3}},{"start":{},"end":{}}],"line":13}},"s":{"0":0,"1":0,"2":0,"3":0,"4":2,"5":0,"6":0,"7":0,"8":0},"f":{"0":0,"1":0,"2":0,"3":0,"4":0,"5":0},"b":{"0":[0,0]},"_coverageSchema":"1a1c01bbd47fc00a2c39e90264f33305004495a9","hash":"292504268708bd51a207c8937a89b89978e3cfba"}
,"/home/marzmu/hackreactor/fec/productApp/client/src/components/StyleSelector.jsx": {"path":"/home/marzmu/hackreactor/fec/productApp/client/src/components/StyleSelector.jsx","statementMap":{"0":{"start":{"line":12,"column":36},"end":{"line":12,"column":41}},"1":{"start":{"line":14,"column":2},"end":{"line":32,"column":3}},"2":{"start":{"line":15,"column":26},"end":{"line":20,"column":6}},"3":{"start":{"line":16,"column":6},"end":{"line":19,"column":12}},"4":{"start":{"line":21,"column":4},"end":{"line":31,"column":6}},"5":{"start":{"line":37,"column":31},"end":{"line":46,"column":16}},"6":{"start":{"line":38,"column":14},"end":{"line":41,"column":3}},"7":{"start":{"line":43,"column":17},"end":{"line":45,"column":3}},"8":{"start":{"line":44,"column":33},"end":{"line":44,"column":93}}},"fnMap":{"0":{"name":"StyleSelector","decl":{"start":{"line":9,"column":9},"end":{"line":9,"column":22}},"loc":{"start":{"line":9,"column":30},"end":{"line":34,"column":1}},"line":9},"1":{"name":"(anonymous_1)","decl":{"start":{"line":15,"column":37},"end":{"line":15,"column":38}},"loc":{"start":{"line":16,"column":6},"end":{"line":19,"column":12}},"line":16},"2":{"name":"(anonymous_2)","decl":{"start":{"line":38,"column":2},"end":{"line":38,"column":3}},"loc":{"start":{"line":38,"column":14},"end":{"line":41,"column":3}},"line":38},"3":{"name":"(anonymous_3)","decl":{"start":{"line":43,"column":2},"end":{"line":43,"column":3}},"loc":{"start":{"line":43,"column":17},"end":{"line":45,"column":3}},"line":43},"4":{"name":"(anonymous_4)","decl":{"start":{"line":44,"column":22},"end":{"line":44,"column":23}},"loc":{"start":{"line":44,"column":33},"end":{"line":44,"column":93}},"line":44}},"branchMap":{"0":{"loc":{"start":{"line":14,"column":2},"end":{"line":32,"column":3}},"type":"if","locations":[{"start":{"line":14,"column":2},"end":{"line":32,"column":3}},{"start":{},"end":{}}],"line":14},"1":{"loc":{"start":{"line":18,"column":9},"end":{"line":18,"column":93}},"type":"cond-expr","locations":[{"start":{"line":18,"column":53},"end":{"line":18,"column":86}},{"start":{"line":18,"column":89},"end":{"line":18,"column":93}}],"line":18}},"s":{"0":1,"1":1,"2":0,"3":0,"4":0,"5":2,"6":1,"7":1,"8":0},"f":{"0":1,"1":0,"2":1,"3":1,"4":0},"b":{"0":[0,1],"1":[0,0]},"_coverageSchema":"1a1c01bbd47fc00a2c39e90264f33305004495a9","hash":"fcd58e03aae92bb546088c0b5e26ccca82772ac0"}
,"/home/marzmu/hackreactor/fec/productApp/client/src/components/QAhelp/QArequests.js": {"path":"/home/marzmu/hackreactor/fec/productApp/client/src/components/QAhelp/QArequests.js","statementMap":{"0":{"start":{"line":2,"column":14},"end":{"line":2,"column":30}},"1":{"start":{"line":4,"column":0},"end":{"line":8,"column":2}},"2":{"start":{"line":5,"column":2},"end":{"line":7,"column":39}},"3":{"start":{"line":6,"column":19},"end":{"line":6,"column":27}},"4":{"start":{"line":7,"column":20},"end":{"line":7,"column":38}},"5":{"start":{"line":9,"column":0},"end":{"line":13,"column":2}},"6":{"start":{"line":10,"column":2},"end":{"line":12,"column":64}},"7":{"start":{"line":11,"column":19},"end":{"line":11,"column":22}},"8":{"start":{"line":12,"column":20},"end":{"line":12,"column":62}},"9":{"start":{"line":14,"column":0},"end":{"line":18,"column":2}},"10":{"start":{"line":15,"column":2},"end":{"line":17,"column":63}},"11":{"start":{"line":16,"column":19},"end":{"line":16,"column":22}},"12":{"start":{"line":17,"column":20},"end":{"line":17,"column":61}},"13":{"start":{"line":20,"column":0},"end":{"line":24,"column":2}},"14":{"start":{"line":21,"column":2},"end":{"line":23,"column":62}},"15":{"start":{"line":22,"column":19},"end":{"line":22,"column":22}},"16":{"start":{"line":23,"column":20},"end":{"line":23,"column":60}},"17":{"start":{"line":25,"column":0},"end":{"line":29,"column":2}},"18":{"start":{"line":26,"column":2},"end":{"line":28,"column":64}},"19":{"start":{"line":27,"column":19},"end":{"line":27,"column":22}},"20":{"start":{"line":28,"column":20},"end":{"line":28,"column":62}},"21":{"start":{"line":30,"column":0},"end":{"line":34,"column":2}},"22":{"start":{"line":31,"column":2},"end":{"line":33,"column":61}},"23":{"start":{"line":32,"column":19},"end":{"line":32,"column":22}},"24":{"start":{"line":33,"column":20},"end":{"line":33,"column":59}}},"fnMap":{"0":{"name":"(anonymous_0)","decl":{"start":{"line":4,"column":22},"end":{"line":4,"column":23}},"loc":{"start":{"line":5,"column":2},"end":{"line":7,"column":39}},"line":5},"1":{"name":"(anonymous_1)","decl":{"start":{"line":6,"column":10},"end":{"line":6,"column":11}},"loc":{"start":{"line":6,"column":19},"end":{"line":6,"column":27}},"line":6},"2":{"name":"(anonymous_2)","decl":{"start":{"line":7,"column":11},"end":{"line":7,"column":12}},"loc":{"start":{"line":7,"column":20},"end":{"line":7,"column":38}},"line":7},"3":{"name":"(anonymous_3)","decl":{"start":{"line":9,"column":23},"end":{"line":9,"column":24}},"loc":{"start":{"line":9,"column":33},"end":{"line":13,"column":1}},"line":9},"4":{"name":"(anonymous_4)","decl":{"start":{"line":11,"column":10},"end":{"line":11,"column":11}},"loc":{"start":{"line":11,"column":19},"end":{"line":11,"column":22}},"line":11},"5":{"name":"(anonymous_5)","decl":{"start":{"line":12,"column":11},"end":{"line":12,"column":12}},"loc":{"start":{"line":12,"column":20},"end":{"line":12,"column":62}},"line":12},"6":{"name":"(anonymous_6)","decl":{"start":{"line":14,"column":23},"end":{"line":14,"column":24}},"loc":{"start":{"line":14,"column":32},"end":{"line":18,"column":1}},"line":14},"7":{"name":"(anonymous_7)","decl":{"start":{"line":16,"column":10},"end":{"line":16,"column":11}},"loc":{"start":{"line":16,"column":19},"end":{"line":16,"column":22}},"line":16},"8":{"name":"(anonymous_8)","decl":{"start":{"line":17,"column":11},"end":{"line":17,"column":12}},"loc":{"start":{"line":17,"column":20},"end":{"line":17,"column":61}},"line":17},"9":{"name":"(anonymous_9)","decl":{"start":{"line":20,"column":23},"end":{"line":20,"column":24}},"loc":{"start":{"line":20,"column":33},"end":{"line":24,"column":1}},"line":20},"10":{"name":"(anonymous_10)","decl":{"start":{"line":22,"column":10},"end":{"line":22,"column":11}},"loc":{"start":{"line":22,"column":19},"end":{"line":22,"column":22}},"line":22},"11":{"name":"(anonymous_11)","decl":{"start":{"line":23,"column":11},"end":{"line":23,"column":12}},"loc":{"start":{"line":23,"column":20},"end":{"line":23,"column":60}},"line":23},"12":{"name":"(anonymous_12)","decl":{"start":{"line":25,"column":23},"end":{"line":25,"column":24}},"loc":{"start":{"line":25,"column":32},"end":{"line":29,"column":1}},"line":25},"13":{"name":"(anonymous_13)","decl":{"start":{"line":27,"column":10},"end":{"line":27,"column":11}},"loc":{"start":{"line":27,"column":19},"end":{"line":27,"column":22}},"line":27},"14":{"name":"(anonymous_14)","decl":{"start":{"line":28,"column":11},"end":{"line":28,"column":12}},"loc":{"start":{"line":28,"column":20},"end":{"line":28,"column":62}},"line":28},"15":{"name":"(anonymous_15)","decl":{"start":{"line":30,"column":22},"end":{"line":30,"column":23}},"loc":{"start":{"line":30,"column":31},"end":{"line":34,"column":1}},"line":30},"16":{"name":"(anonymous_16)","decl":{"start":{"line":32,"column":10},"end":{"line":32,"column":11}},"loc":{"start":{"line":32,"column":19},"end":{"line":32,"column":22}},"line":32},"17":{"name":"(anonymous_17)","decl":{"start":{"line":33,"column":11},"end":{"line":33,"column":12}},"loc":{"start":{"line":33,"column":20},"end":{"line":33,"column":59}},"line":33}},"branchMap":{},"s":{"0":1,"1":1,"2":0,"3":0,"4":0,"5":1,"6":0,"7":0,"8":0,"9":1,"10":0,"11":0,"12":0,"13":1,"14":0,"15":0,"16":0,"17":1,"18":0,"19":0,"20":0,"21":1,"22":0,"23":0,"24":0},"f":{"0":0,"1":0,"2":0,"3":0,"4":0,"5":0,"6":0,"7":0,"8":0,"9":0,"10":0,"11":0,"12":0,"13":0,"14":0,"15":0,"16":0,"17":0},"b":{},"_coverageSchema":"1a1c01bbd47fc00a2c39e90264f33305004495a9","hash":"bd4a8e83aec7d67cf2e3f4ac83a16fce87dfa29f"}
,"/home/marzmu/hackreactor/fec/productApp/client/src/reducers/galleryReducer.js": {"path":"/home/marzmu/hackreactor/fec/productApp/client/src/reducers/galleryReducer.js","statementMap":{"0":{"start":{"line":2,"column":2},"end":{"line":12,"column":3}},"1":{"start":{"line":4,"column":6},"end":{"line":4,"column":33}},"2":{"start":{"line":6,"column":6},"end":{"line":6,"column":37}},"3":{"start":{"line":8,"column":6},"end":{"line":8,"column":37}},"4":{"start":{"line":11,"column":6},"end":{"line":11,"column":19}}},"fnMap":{"0":{"name":"(anonymous_0)","decl":{"start":{"line":1,"column":15},"end":{"line":1,"column":16}},"loc":{"start":{"line":1,"column":38},"end":{"line":13,"column":1}},"line":1}},"branchMap":{"0":{"loc":{"start":{"line":1,"column":16},"end":{"line":1,"column":25}},"type":"default-arg","locations":[{"start":{"line":1,"column":24},"end":{"line":1,"column":25}}],"line":1},"1":{"loc":{"start":{"line":2,"column":2},"end":{"line":12,"column":3}},"type":"switch","locations":[{"start":{"line":3,"column":4},"end":{"line":4,"column":33}},{"start":{"line":5,"column":4},"end":{"line":6,"column":37}},{"start":{"line":7,"column":4},"end":{"line":8,"column":37}},{"start":{"line":10,"column":4},"end":{"line":11,"column":19}}],"line":2}},"s":{"0":3,"1":0,"2":0,"3":0,"4":3},"f":{"0":3},"b":{"0":[3],"1":[0,0,0,3]},"_coverageSchema":"1a1c01bbd47fc00a2c39e90264f33305004495a9","hash":"3903a6de8e1f4c645af9bb8fc03f963d359b596b"}
,"/home/marzmu/hackreactor/fec/productApp/client/src/reducers/index.js": {"path":"/home/marzmu/hackreactor/fec/productApp/client/src/reducers/index.js","statementMap":{"0":{"start":{"line":16,"column":17},"end":{"line":27,"column":1}}},"fnMap":{},"branchMap":{},"s":{"0":1},"f":{},"b":{},"_coverageSchema":"1a1c01bbd47fc00a2c39e90264f33305004495a9","hash":"183e4ef8dcc7444a7db5237e3ff41efb4fa44627"}
,"/home/marzmu/hackreactor/fec/productApp/client/src/reducers/metaDataReducer.js": {"path":"/home/marzmu/hackreactor/fec/productApp/client/src/reducers/metaDataReducer.js","statementMap":{"0":{"start":{"line":2,"column":2},"end":{"line":7,"column":3}},"1":{"start":{"line":4,"column":6},"end":{"line":4,"column":29}},"2":{"start":{"line":6,"column":6},"end":{"line":6,"column":19}}},"fnMap":{"0":{"name":"(anonymous_0)","decl":{"start":{"line":1,"column":15},"end":{"line":1,"column":16}},"loc":{"start":{"line":1,"column":39},"end":{"line":8,"column":1}},"line":1}},"branchMap":{"0":{"loc":{"start":{"line":1,"column":16},"end":{"line":1,"column":26}},"type":"default-arg","locations":[{"start":{"line":1,"column":24},"end":{"line":1,"column":26}}],"line":1},"1":{"loc":{"start":{"line":2,"column":2},"end":{"line":7,"column":3}},"type":"switch","locations":[{"start":{"line":3,"column":4},"end":{"line":4,"column":29}},{"start":{"line":5,"column":4},"end":{"line":6,"column":19}}],"line":2}},"s":{"0":3,"1":0,"2":3},"f":{"0":3},"b":{"0":[3],"1":[0,3]},"_coverageSchema":"1a1c01bbd47fc00a2c39e90264f33305004495a9","hash":"2c73dcd2499bfb86d49c1f321696f6db91e10c88"}
,"/home/marzmu/hackreactor/fec/productApp/client/src/reducers/productInfoReducer.js": {"path":"/home/marzmu/hackreactor/fec/productApp/client/src/reducers/productInfoReducer.js","statementMap":{"0":{"start":{"line":2,"column":2},"end":{"line":7,"column":3}},"1":{"start":{"line":4,"column":6},"end":{"line":4,"column":32}},"2":{"start":{"line":6,"column":6},"end":{"line":6,"column":19}}},"fnMap":{"0":{"name":"(anonymous_0)","decl":{"start":{"line":1,"column":15},"end":{"line":1,"column":16}},"loc":{"start":{"line":1,"column":39},"end":{"line":8,"column":1}},"line":1}},"branchMap":{"0":{"loc":{"start":{"line":1,"column":16},"end":{"line":1,"column":26}},"type":"default-arg","locations":[{"start":{"line":1,"column":24},"end":{"line":1,"column":26}}],"line":1},"1":{"loc":{"start":{"line":2,"column":2},"end":{"line":7,"column":3}},"type":"switch","locations":[{"start":{"line":3,"column":4},"end":{"line":4,"column":32}},{"start":{"line":5,"column":4},"end":{"line":6,"column":19}}],"line":2}},"s":{"0":3,"1":0,"2":3},"f":{"0":3},"b":{"0":[3],"1":[0,3]},"_coverageSchema":"1a1c01bbd47fc00a2c39e90264f33305004495a9","hash":"d3583aeba005b8848781fb4c905583163662e22d"}
,"/home/marzmu/hackreactor/fec/productApp/client/src/reducers/qListReducer.js": {"path":"/home/marzmu/hackreactor/fec/productApp/client/src/reducers/qListReducer.js","statementMap":{"0":{"start":{"line":2,"column":21},"end":{"line":34,"column":1}},"1":{"start":{"line":3,"column":2},"end":{"line":33,"column":3}},"2":{"start":{"line":5,"column":6},"end":{"line":8,"column":8}},"3":{"start":{"line":10,"column":6},"end":{"line":14,"column":8}},"4":{"start":{"line":16,"column":6},"end":{"line":19,"column":8}},"5":{"start":{"line":21,"column":6},"end":{"line":24,"column":8}},"6":{"start":{"line":26,"column":6},"end":{"line":30,"column":8}},"7":{"start":{"line":32,"column":6},"end":{"line":32,"column":19}}},"fnMap":{"0":{"name":"(anonymous_0)","decl":{"start":{"line":2,"column":21},"end":{"line":2,"column":22}},"loc":{"start":{"line":2,"column":45},"end":{"line":34,"column":1}},"line":2}},"branchMap":{"0":{"loc":{"start":{"line":2,"column":22},"end":{"line":2,"column":32}},"type":"default-arg","locations":[{"start":{"line":2,"column":30},"end":{"line":2,"column":32}}],"line":2},"1":{"loc":{"start":{"line":3,"column":2},"end":{"line":33,"column":3}},"type":"switch","locations":[{"start":{"line":4,"column":4},"end":{"line":8,"column":8}},{"start":{"line":9,"column":4},"end":{"line":14,"column":8}},{"start":{"line":15,"column":4},"end":{"line":19,"column":8}},{"start":{"line":20,"column":4},"end":{"line":24,"column":8}},{"start":{"line":25,"column":4},"end":{"line":30,"column":8}},{"start":{"line":31,"column":4},"end":{"line":32,"column":19}}],"line":3}},"s":{"0":2,"1":3,"2":0,"3":0,"4":0,"5":0,"6":0,"7":3},"f":{"0":3},"b":{"0":[2],"1":[0,0,0,0,0,3]},"_coverageSchema":"1a1c01bbd47fc00a2c39e90264f33305004495a9","hash":"cb7648c976d38d2324f62646435c5784a968ecf5"}
,"/home/marzmu/hackreactor/fec/productApp/client/src/reducers/quantityReducer.js": {"path":"/home/marzmu/hackreactor/fec/productApp/client/src/reducers/quantityReducer.js","statementMap":{"0":{"start":{"line":2,"column":2},"end":{"line":8,"column":3}},"1":{"start":{"line":4,"column":6},"end":{"line":4,"column":32}},"2":{"start":{"line":7,"column":6},"end":{"line":7,"column":19}}},"fnMap":{"0":{"name":"(anonymous_0)","decl":{"start":{"line":1,"column":15},"end":{"line":1,"column":16}},"loc":{"start":{"line":1,"column":41},"end":{"line":9,"column":1}},"line":1}},"branchMap":{"0":{"loc":{"start":{"line":1,"column":16},"end":{"line":1,"column":28}},"type":"default-arg","locations":[{"start":{"line":1,"column":24},"end":{"line":1,"column":28}}],"line":1},"1":{"loc":{"start":{"line":2,"column":2},"end":{"line":8,"column":3}},"type":"switch","locations":[{"start":{"line":3,"column":4},"end":{"line":4,"column":32}},{"start":{"line":6,"column":4},"end":{"line":7,"column":19}}],"line":2}},"s":{"0":3,"1":0,"2":3},"f":{"0":3},"b":{"0":[3],"1":[0,3]},"_coverageSchema":"1a1c01bbd47fc00a2c39e90264f33305004495a9","hash":"836dc693267dc7398819afe4032d3e4b22d36ebc"}
,"/home/marzmu/hackreactor/fec/productApp/client/src/reducers/relatedProductsReducer.js": {"path":"/home/marzmu/hackreactor/fec/productApp/client/src/reducers/relatedProductsReducer.js","statementMap":{"0":{"start":{"line":2,"column":2},"end":{"line":7,"column":3}},"1":{"start":{"line":4,"column":6},"end":{"line":4,"column":45}},"2":{"start":{"line":6,"column":6},"end":{"line":6,"column":22}}},"fnMap":{"0":{"name":"(anonymous_0)","decl":{"start":{"line":1,"column":15},"end":{"line":1,"column":16}},"loc":{"start":{"line":1,"column":42},"end":{"line":8,"column":1}},"line":1}},"branchMap":{"0":{"loc":{"start":{"line":1,"column":16},"end":{"line":1,"column":29}},"type":"default-arg","locations":[{"start":{"line":1,"column":27},"end":{"line":1,"column":29}}],"line":1},"1":{"loc":{"start":{"line":2,"column":2},"end":{"line":7,"column":3}},"type":"switch","locations":[{"start":{"line":3,"column":4},"end":{"line":4,"column":45}},{"start":{"line":5,"column":4},"end":{"line":6,"column":22}}],"line":2}},"s":{"0":3,"1":0,"2":3},"f":{"0":3},"b":{"0":[3],"1":[0,3]},"_coverageSchema":"1a1c01bbd47fc00a2c39e90264f33305004495a9","hash":"f9265fe112fe8f18e9176fc05084713e7b0de050"}
,"/home/marzmu/hackreactor/fec/productApp/client/src/reducers/reviewsReducer.js": {"path":"/home/marzmu/hackreactor/fec/productApp/client/src/reducers/reviewsReducer.js","statementMap":{"0":{"start":{"line":2,"column":2},"end":{"line":7,"column":3}},"1":{"start":{"line":4,"column":6},"end":{"line":4,"column":28}},"2":{"start":{"line":6,"column":6},"end":{"line":6,"column":19}}},"fnMap":{"0":{"name":"(anonymous_0)","decl":{"start":{"line":1,"column":15},"end":{"line":1,"column":16}},"loc":{"start":{"line":1,"column":39},"end":{"line":8,"column":1}},"line":1}},"branchMap":{"0":{"loc":{"start":{"line":1,"column":16},"end":{"line":1,"column":26}},"type":"default-arg","locations":[{"start":{"line":1,"column":24},"end":{"line":1,"column":26}}],"line":1},"1":{"loc":{"start":{"line":2,"column":2},"end":{"line":7,"column":3}},"type":"switch","locations":[{"start":{"line":3,"column":4},"end":{"line":4,"column":28}},{"start":{"line":5,"column":4},"end":{"line":6,"column":19}}],"line":2}},"s":{"0":3,"1":0,"2":3},"f":{"0":3},"b":{"0":[3],"1":[0,3]},"_coverageSchema":"1a1c01bbd47fc00a2c39e90264f33305004495a9","hash":"d422d0c33b54ce7e891152995e4c468e9892a81b"}
,"/home/marzmu/hackreactor/fec/productApp/client/src/reducers/selectedSkuReducer.js": {"path":"/home/marzmu/hackreactor/fec/productApp/client/src/reducers/selectedSkuReducer.js","statementMap":{"0":{"start":{"line":2,"column":2},"end":{"line":8,"column":3}},"1":{"start":{"line":4,"column":6},"end":{"line":4,"column":32}},"2":{"start":{"line":7,"column":6},"end":{"line":7,"column":19}}},"fnMap":{"0":{"name":"(anonymous_0)","decl":{"start":{"line":1,"column":15},"end":{"line":1,"column":16}},"loc":{"start":{"line":1,"column":39},"end":{"line":9,"column":1}},"line":1}},"branchMap":{"0":{"loc":{"start":{"line":1,"column":16},"end":{"line":1,"column":26}},"type":"default-arg","locations":[{"start":{"line":1,"column":24},"end":{"line":1,"column":26}}],"line":1},"1":{"loc":{"start":{"line":2,"column":2},"end":{"line":8,"column":3}},"type":"switch","locations":[{"start":{"line":3,"column":4},"end":{"line":4,"column":32}},{"start":{"line":6,"column":4},"end":{"line":7,"column":19}}],"line":2}},"s":{"0":3,"1":0,"2":3},"f":{"0":3},"b":{"0":[3],"1":[0,3]},"_coverageSchema":"1a1c01bbd47fc00a2c39e90264f33305004495a9","hash":"c28ece6f24474cfc4279bee97cd0fb39e6e9cc96"}
,"/home/marzmu/hackreactor/fec/productApp/client/src/reducers/selectedStyleReducer.js": {"path":"/home/marzmu/hackreactor/fec/productApp/client/src/reducers/selectedStyleReducer.js","statementMap":{"0":{"start":{"line":2,"column":2},"end":{"line":8,"column":3}},"1":{"start":{"line":4,"column":6},"end":{"line":4,"column":37}},"2":{"start":{"line":7,"column":6},"end":{"line":7,"column":19}}},"fnMap":{"0":{"name":"(anonymous_0)","decl":{"start":{"line":1,"column":15},"end":{"line":1,"column":16}},"loc":{"start":{"line":1,"column":39},"end":{"line":9,"column":1}},"line":1}},"branchMap":{"0":{"loc":{"start":{"line":1,"column":16},"end":{"line":1,"column":26}},"type":"default-arg","locations":[{"start":{"line":1,"column":24},"end":{"line":1,"column":26}}],"line":1},"1":{"loc":{"start":{"line":2,"column":2},"end":{"line":8,"column":3}},"type":"switch","locations":[{"start":{"line":3,"column":4},"end":{"line":4,"column":37}},{"start":{"line":6,"column":4},"end":{"line":7,"column":19}}],"line":2}},"s":{"0":3,"1":0,"2":3},"f":{"0":3},"b":{"0":[3],"1":[0,3]},"_coverageSchema":"1a1c01bbd47fc00a2c39e90264f33305004495a9","hash":"933e8e490441cc95b788fd6fee9c318ba1737ff4"}
,"/home/marzmu/hackreactor/fec/productApp/client/src/reducers/stylesReducer.js": {"path":"/home/marzmu/hackreactor/fec/productApp/client/src/reducers/stylesReducer.js","statementMap":{"0":{"start":{"line":3,"column":2},"end":{"line":9,"column":3}},"1":{"start":{"line":5,"column":6},"end":{"line":5,"column":27}},"2":{"start":{"line":8,"column":6},"end":{"line":8,"column":19}}},"fnMap":{"0":{"name":"(anonymous_0)","decl":{"start":{"line":2,"column":15},"end":{"line":2,"column":16}},"loc":{"start":{"line":2,"column":39},"end":{"line":10,"column":1}},"line":2}},"branchMap":{"0":{"loc":{"start":{"line":2,"column":16},"end":{"line":2,"column":26}},"type":"default-arg","locations":[{"start":{"line":2,"column":24},"end":{"line":2,"column":26}}],"line":2},"1":{"loc":{"start":{"line":3,"column":2},"end":{"line":9,"column":3}},"type":"switch","locations":[{"start":{"line":4,"column":4},"end":{"line":5,"column":27}},{"start":{"line":7,"column":4},"end":{"line":8,"column":19}}],"line":3}},"s":{"0":3,"1":0,"2":3},"f":{"0":3},"b":{"0":[3],"1":[0,3]},"_coverageSchema":"1a1c01bbd47fc00a2c39e90264f33305004495a9","hash":"65334eda3a3e41eb3b61c748d8b1013a44f4f063"}
,"/home/marzmu/hackreactor/fec/productApp/spec/sum.js": {"path":"/home/marzmu/hackreactor/fec/productApp/spec/sum.js","statementMap":{"0":{"start":{"line":2,"column":2},"end":{"line":2,"column":17}},"1":{"start":{"line":5,"column":0},"end":{"line":5,"column":21}}},"fnMap":{"0":{"name":"sum","decl":{"start":{"line":1,"column":9},"end":{"line":1,"column":12}},"loc":{"start":{"line":1,"column":19},"end":{"line":3,"column":1}},"line":1}},"branchMap":{},"s":{"0":1,"1":1},"f":{"0":1},"b":{},"_coverageSchema":"1a1c01bbd47fc00a2c39e90264f33305004495a9","hash":"bf5eee4f20fd83a2142058d0d567586013934816"}
,"/home/marzmu/hackreactor/fec/productApp/test/QAtestData.js": {"path":"/home/marzmu/hackreactor/fec/productApp/test/QAtestData.js","statementMap":{"0":{"start":{"line":4,"column":0},"end":{"line":84,"column":2}},"1":{"start":{"line":87,"column":0},"end":{"line":117,"column":2}}},"fnMap":{},"branchMap":{},"s":{"0":1,"1":1},"f":{},"b":{},"_coverageSchema":"1a1c01bbd47fc00a2c39e90264f33305004495a9","hash":"958e3f597361f766a4cd70929aa771009c0fcb2b"}
}
