TN:
SF:client/src/store.js
FNF:0
FNH:0
DA:7,1
DA:19,1
LF:2
LH:2
BRF:0
BRH:0
end_of_record
TN:
SF:client/src/components/AddtoCart.jsx
FN:4,makeSizeOptions
FN:8,(anonymous_1)
FN:9,(anonymous_2)
FN:23,makeQuantityOptions
FN:34,AddToCart
FN:38,handleSizeChange
FN:39,(anonymous_6)
FN:76,(anonymous_7)
FN:81,(anonymous_8)
FN:83,(anonymous_9)
FN:84,(anonymous_10)
FNF:11
FNH:4
FNDA:1,makeSizeOptions
FNDA:0,(anonymous_1)
FNDA:0,(anonymous_2)
FNDA:0,makeQuantityOptions
FNDA:1,AddToCart
FNDA:0,handleSizeChange
FNDA:0,(anonymous_6)
FNDA:1,(anonymous_7)
FNDA:1,(anonymous_8)
FNDA:0,(anonymous_9)
FNDA:0,(anonymous_10)
DA:5,1
DA:6,1
DA:7,0
DA:8,0
DA:10,0
DA:14,1
DA:15,1
DA:17,1
DA:18,1
DA:24,0
DA:25,0
DA:26,0
DA:27,0
DA:30,0
DA:36,1
DA:39,0
DA:40,0
DA:44,1
DA:75,1
DA:76,1
DA:81,1
DA:83,0
DA:84,0
LF:23
LH:11
BRDA:6,0,0,0
BRDA:6,0,1,1
BRDA:14,1,0,1
BRDA:14,1,1,0
BRDA:25,2,0,0
BRDA:25,2,1,0
BRDA:54,3,0,1
BRDA:54,3,1,0
BRDA:60,4,0,0
BRDA:60,4,1,1
BRDA:64,5,0,1
BRDA:64,5,1,0
BRF:12
BRH:5
end_of_record
TN:
SF:client/src/components/Answer.jsx
FN:6,Answer
FN:13,(anonymous_1)
FN:19,(anonymous_2)
FNF:3
FNH:0
FNDA:0,Answer
FNDA:0,(anonymous_1)
FNDA:0,(anonymous_2)
DA:9,0
DA:10,0
DA:11,0
DA:13,0
DA:14,0
DA:15,0
DA:16,0
DA:19,0
DA:20,0
DA:21,0
DA:24,0
DA:32,0
DA:36,0
LF:13
LH:0
BRDA:24,0,0,0
BRDA:24,0,1,0
BRDA:32,1,0,0
BRDA:32,1,1,0
BRF:4
BRH:0
end_of_record
TN:
SF:client/src/components/App.jsx
FN:10,App
FNF:1
FNH:1
FNDA:1,App
DA:11,1
LF:1
LH:1
BRF:0
BRH:0
end_of_record
TN:
SF:client/src/components/Gallery.jsx
FN:10,Gallery
FN:19,scrollThumbnails
FN:24,handleLeftArrowClick
FN:30,handleRightArrowClick
FN:36,handleThumbnailClick
FN:41,(anonymous_5)
FN:49,(anonymous_6)
FN:106,(anonymous_7)
FN:111,(anonymous_8)
FN:112,(anonymous_9)
FN:113,(anonymous_10)
FN:114,(anonymous_11)
FNF:12
FNH:3
FNDA:1,Gallery
FNDA:0,scrollThumbnails
FNDA:0,handleLeftArrowClick
FNDA:0,handleRightArrowClick
FNDA:0,handleThumbnailClick
FNDA:0,(anonymous_5)
FNDA:0,(anonymous_6)
FNDA:1,(anonymous_7)
FNDA:1,(anonymous_8)
FNDA:0,(anonymous_9)
FNDA:0,(anonymous_10)
FNDA:0,(anonymous_11)
DA:7,1
DA:8,1
DA:13,1
DA:14,1
DA:15,1
DA:20,0
DA:21,0
DA:25,0
DA:26,0
DA:28,0
DA:31,0
DA:32,0
DA:34,0
DA:37,0
DA:38,0
DA:40,1
DA:41,0
DA:42,0
DA:49,0
DA:51,0
DA:66,1
DA:105,1
DA:106,1
DA:111,1
DA:112,0
DA:113,0
DA:114,0
LF:27
LH:10
BRDA:25,0,0,0
BRDA:25,0,1,0
BRDA:31,1,0,0
BRDA:31,1,1,0
BRDA:40,2,0,0
BRDA:40,2,1,1
BRDA:73,3,0,1
BRDA:73,3,1,0
BRDA:87,4,0,0
BRDA:87,4,1,1
BRF:10
BRH:3
end_of_record
TN:
SF:client/src/components/Overview.jsx
FN:10,getTotalReviews
FN:12,(anonymous_1)
FN:17,Overview
FN:72,(anonymous_3)
FN:79,(anonymous_4)
FN:81,(anonymous_5)
FN:82,(anonymous_6)
FN:83,(anonymous_7)
FN:84,(anonymous_8)
FNF:9
FNH:4
FNDA:1,getTotalReviews
FNDA:0,(anonymous_1)
FNDA:1,Overview
FNDA:1,(anonymous_3)
FNDA:1,(anonymous_4)
FNDA:0,(anonymous_5)
FNDA:0,(anonymous_6)
FNDA:0,(anonymous_7)
FNDA:0,(anonymous_8)
DA:11,1
DA:12,1
DA:13,0
DA:15,1
DA:20,1
DA:70,1
DA:72,1
DA:79,1
DA:81,0
DA:82,0
DA:83,0
DA:84,0
LF:12
LH:7
BRDA:32,0,0,1
BRDA:32,0,1,0
BRDA:35,1,0,1
BRDA:35,1,1,0
BRDA:39,2,0,0
BRDA:39,2,1,1
BRDA:56,3,0,1
BRDA:56,3,1,0
BRDA:60,4,0,1
BRDA:60,4,1,0
BRF:10
BRH:5
end_of_record
TN:
SF:client/src/components/QAhelperFunctions.js
FN:5,(anonymous_0)
FN:12,(anonymous_1)
FN:16,(anonymous_2)
FN:24,(anonymous_3)
FN:27,(anonymous_4)
FN:35,(anonymous_5)
FN:35,(anonymous_6)
FNF:7
FNH:4
FNDA:16,(anonymous_0)
FNDA:64,(anonymous_1)
FNDA:96,(anonymous_2)
FNDA:64,(anonymous_3)
FNDA:0,(anonymous_4)
FNDA:0,(anonymous_5)
FNDA:0,(anonymous_6)
DA:2,2
DA:5,2
DA:7,16
DA:8,0
DA:10,16
DA:12,16
DA:14,64
DA:16,64
DA:18,96
DA:21,64
DA:24,64
DA:27,2
DA:29,0
DA:30,0
DA:33,0
DA:35,0
DA:39,2
LF:17
LH:12
BRDA:7,0,0,0
BRDA:7,0,1,16
BRDA:18,1,0,96
BRDA:18,1,1,0
BRDA:27,2,0,0
BRDA:29,3,0,0
BRDA:29,3,1,0
BRDA:29,4,0,0
BRDA:29,4,1,0
BRDA:35,5,0,0
BRDA:35,5,1,0
BRF:11
BRH:2
end_of_record
TN:
SF:client/src/components/QModal.jsx
FN:6,QModal
FN:9,(anonymous_1)
FN:10,(anonymous_2)
FN:11,(anonymous_3)
FN:13,onSubmitClickVal
FN:33,(anonymous_5)
FN:34,(anonymous_6)
FN:38,(anonymous_7)
FNF:8
FNH:0
FNDA:0,QModal
FNDA:0,(anonymous_1)
FNDA:0,(anonymous_2)
FNDA:0,(anonymous_3)
FNDA:0,onSubmitClickVal
FNDA:0,(anonymous_5)
FNDA:0,(anonymous_6)
FNDA:0,(anonymous_7)
DA:8,0
DA:9,0
DA:10,0
DA:11,0
DA:14,0
DA:15,0
DA:20,0
DA:21,0
DA:22,0
DA:23,0
DA:25,0
DA:26,0
DA:27,0
DA:30,0
DA:32,0
DA:33,0
DA:34,0
DA:38,0
DA:39,0
DA:40,0
DA:45,0
LF:21
LH:0
BRDA:20,0,0,0
BRDA:20,0,1,0
BRDA:30,1,0,0
BRDA:30,1,1,0
BRDA:51,2,0,0
BRDA:51,2,1,0
BRDA:54,3,0,0
BRDA:54,3,1,0
BRDA:61,4,0,0
BRDA:61,4,1,0
BRF:10
BRH:0
end_of_record
TN:
SF:client/src/components/Question.jsx
FN:11,Question
FN:19,(anonymous_1)
FN:25,(anonymous_2)
FN:37,(anonymous_3)
FN:41,(anonymous_4)
FN:42,(anonymous_5)
FN:56,(anonymous_6)
FN:63,(anonymous_7)
FNF:8
FNH:0
FNDA:0,Question
FNDA:0,(anonymous_1)
FNDA:0,(anonymous_2)
FNDA:0,(anonymous_3)
FNDA:0,(anonymous_4)
FNDA:0,(anonymous_5)
FNDA:0,(anonymous_6)
FNDA:0,(anonymous_7)
DA:13,0
DA:14,0
DA:15,0
DA:17,0
DA:19,0
DA:20,0
DA:21,0
DA:22,0
DA:25,0
DA:26,0
DA:29,0
DA:37,0
DA:38,0
DA:40,0
DA:41,0
DA:42,0
DA:44,0
DA:45,0
DA:48,0
DA:56,0
DA:64,0
LF:21
LH:0
BRDA:29,0,0,0
BRDA:29,0,1,0
BRDA:38,1,0,0
BRDA:38,1,1,0
BRDA:44,2,0,0
BRDA:44,2,1,0
BRF:6
BRH:0
end_of_record
TN:
SF:client/src/components/QuestionList.jsx
FN:13,QuestionList
FN:15,(anonymous_1)
FN:16,(anonymous_2)
FN:26,(anonymous_3)
FN:39,(anonymous_4)
FN:45,(anonymous_5)
FN:48,(anonymous_6)
FN:56,(anonymous_7)
FNF:8
FNH:4
FNDA:1,QuestionList
FNDA:1,(anonymous_1)
FNDA:1,(anonymous_2)
FNDA:0,(anonymous_3)
FNDA:0,(anonymous_4)
FNDA:0,(anonymous_5)
FNDA:0,(anonymous_6)
FNDA:1,(anonymous_7)
DA:15,1
DA:16,1
DA:17,1
DA:20,1
DA:24,1
DA:25,0
DA:26,0
DA:27,0
DA:33,1
DA:39,0
DA:45,0
DA:48,0
DA:56,1
DA:66,1
LF:14
LH:8
BRDA:24,0,0,0
BRDA:24,0,1,1
BRDA:35,1,0,1
BRDA:35,1,1,0
BRDA:36,2,0,1
BRDA:36,2,1,0
BRDA:41,3,0,0
BRDA:41,3,1,1
BRDA:46,4,0,0
BRDA:46,4,1,1
BRF:10
BRH:5
end_of_record
TN:
SF:client/src/components/Ratings.jsx
FN:7,getPercentageRecommended
FN:8,(anonymous_1)
FN:10,(anonymous_2)
FN:16,averageToNearestTenth
FN:18,(anonymous_4)
FN:24,Ratings
FN:73,(anonymous_6)
FN:76,(anonymous_7)
FN:77,(anonymous_8)
FNF:9
FNH:5
FNDA:1,getPercentageRecommended
FNDA:0,(anonymous_1)
FNDA:0,(anonymous_2)
FNDA:3,averageToNearestTenth
FNDA:0,(anonymous_4)
FNDA:1,Ratings
FNDA:1,(anonymous_6)
FNDA:1,(anonymous_7)
FNDA:0,(anonymous_8)
DA:8,1
DA:9,1
DA:10,0
DA:12,1
DA:17,3
DA:18,0
DA:21,3
DA:25,1
DA:72,1
DA:73,1
DA:76,1
DA:77,0
LF:12
LH:9
BRDA:34,0,0,1
BRDA:34,0,1,0
BRDA:39,1,0,0
BRDA:39,1,1,1
BRF:4
BRH:2
end_of_record
TN:
SF:client/src/components/RelatedProductCard.jsx
FN:10,RelatedProductsComponent
FNF:1
FNH:0
FNDA:0,RelatedProductsComponent
DA:11,0
LF:1
LH:0
BRF:0
BRH:0
end_of_record
TN:
SF:client/src/components/RelatedProducts.jsx
FN:11,RelatedProductsComponent
FN:16,(anonymous_1)
FN:20,(anonymous_2)
FN:27,(anonymous_3)
FNF:4
FNH:2
FNDA:1,RelatedProductsComponent
FNDA:0,(anonymous_1)
FNDA:0,(anonymous_2)
FNDA:1,(anonymous_3)
DA:5,1
DA:12,1
DA:16,0
DA:20,0
DA:26,1
DA:27,1
LF:6
LH:4
BRF:0
BRH:0
end_of_record
TN:
SF:client/src/components/Review.jsx
FN:5,Review
FNF:1
FNH:0
FNDA:0,Review
DA:7,0
LF:1
LH:0
BRDA:30,0,0,0
BRDA:30,0,1,0
BRDA:41,1,0,0
BRDA:41,1,1,0
BRF:4
BRH:0
end_of_record
TN:
SF:client/src/components/ReviewsList.jsx
FN:4,ReviewsList
FN:10,mapReviews
FN:12,(anonymous_2)
FN:30,(anonymous_3)
FN:36,(anonymous_4)
FN:49,(anonymous_5)
FNF:6
FNH:1
FNDA:1,ReviewsList
FNDA:0,mapReviews
FNDA:0,(anonymous_2)
FNDA:0,(anonymous_3)
FNDA:0,(anonymous_4)
FNDA:0,(anonymous_5)
DA:6,1
DA:11,0
DA:13,0
DA:21,1
DA:31,0
DA:37,0
DA:49,0
LF:7
LH:2
BRDA:29,0,0,1
BRDA:29,0,1,0
BRDA:45,1,0,1
BRDA:45,1,1,0
BRF:4
BRH:2
end_of_record
TN:
SF:client/src/components/Setter.jsx
FN:5,setDefaultStyle
FN:7,(anonymous_1)
FN:12,(anonymous_2)
FN:23,(anonymous_3)
FN:26,(anonymous_4)
FN:29,(anonymous_5)
FN:33,(anonymous_6)
FN:36,(anonymous_7)
FN:39,(anonymous_8)
FN:42,(anonymous_9)
FN:45,(anonymous_10)
FN:48,(anonymous_11)
FN:51,(anonymous_12)
FN:54,(anonymous_13)
FN:58,(anonymous_14)
FN:65,(anonymous_15)
FN:66,(anonymous_16)
FN:67,(anonymous_17)
FN:68,(anonymous_18)
FN:69,(anonymous_19)
FN:70,(anonymous_20)
FN:71,(anonymous_21)
FNF:22
FNH:4
FNDA:0,setDefaultStyle
FNDA:0,(anonymous_1)
FNDA:1,(anonymous_2)
FNDA:0,(anonymous_3)
FNDA:0,(anonymous_4)
FNDA:0,(anonymous_5)
FNDA:0,(anonymous_6)
FNDA:0,(anonymous_7)
FNDA:0,(anonymous_8)
FNDA:0,(anonymous_9)
FNDA:0,(anonymous_10)
FNDA:0,(anonymous_11)
FNDA:0,(anonymous_12)
FNDA:1,(anonymous_13)
FNDA:1,(anonymous_14)
FNDA:1,(anonymous_15)
FNDA:0,(anonymous_16)
FNDA:0,(anonymous_17)
FNDA:0,(anonymous_18)
FNDA:0,(anonymous_19)
FNDA:0,(anonymous_20)
FNDA:0,(anonymous_21)
DA:7,0
DA:8,0
DA:20,1
DA:22,1
DA:24,0
DA:26,0
DA:28,1
DA:30,0
DA:31,0
DA:33,0
DA:35,1
DA:37,0
DA:39,0
DA:41,1
DA:43,0
DA:45,0
DA:47,1
DA:49,0
DA:51,0
DA:54,1
DA:57,1
DA:58,1
DA:65,1
DA:66,0
DA:67,0
DA:68,0
DA:69,0
DA:70,0
DA:71,0
LF:29
LH:10
BRF:0
BRH:0
end_of_record
TN:
SF:client/src/components/Stars.jsx
FN:4,reviewAverage
FN:7,(anonymous_1)
FN:14,calcWidth
FN:35,Stars
FNF:4
FNH:3
FNDA:1,reviewAverage
FNDA:0,(anonymous_1)
FNDA:2,calcWidth
FNDA:2,Stars
DA:5,1
DA:6,1
DA:7,1
DA:8,0
DA:9,0
DA:11,1
DA:15,2
DA:16,2
DA:18,1
DA:19,1
DA:20,0
DA:25,2
DA:26,2
DA:27,1
DA:28,1
DA:29,0
DA:32,2
DA:36,2
LF:18
LH:14
BRDA:16,0,0,1
BRDA:16,0,1,1
BRDA:19,1,0,0
BRDA:19,1,1,1
BRDA:26,2,0,1
BRDA:26,2,1,1
BRDA:28,3,0,0
BRDA:28,3,1,1
BRF:8
BRH:6
end_of_record
TN:
SF:client/src/components/StyleBubble.jsx
FN:5,StyleBubble
FN:7,handleClick
FN:24,(anonymous_2)
FN:28,(anonymous_3)
FN:29,(anonymous_4)
FN:30,(anonymous_5)
FNF:6
FNH:0
FNDA:0,StyleBubble
FNDA:0,handleClick
FNDA:0,(anonymous_2)
FNDA:0,(anonymous_3)
FNDA:0,(anonymous_4)
FNDA:0,(anonymous_5)
DA:8,0
DA:9,0
DA:13,0
DA:14,0
DA:23,1
DA:24,0
DA:28,0
DA:29,0
DA:30,0
LF:9
LH:1
BRDA:13,0,0,0
BRDA:13,0,1,0
BRF:2
BRH:0
end_of_record
TN:
SF:client/src/components/StyleSelector.jsx
FN:9,StyleSelector
FN:15,(anonymous_1)
FN:38,(anonymous_2)
FN:43,(anonymous_3)
FN:44,(anonymous_4)
FNF:5
FNH:3
FNDA:1,StyleSelector
FNDA:0,(anonymous_1)
FNDA:1,(anonymous_2)
FNDA:1,(anonymous_3)
FNDA:0,(anonymous_4)
DA:12,1
DA:14,1
DA:15,0
DA:16,0
DA:21,0
DA:37,1
DA:38,1
DA:43,1
DA:44,0
LF:9
LH:5
BRDA:14,0,0,0
BRDA:14,0,1,1
BRDA:18,1,0,0
BRDA:18,1,1,0
BRF:4
BRH:1
end_of_record
TN:
SF:client/src/components/QAhelp/QArequests.js
FN:4,(anonymous_0)
FN:6,(anonymous_1)
FN:7,(anonymous_2)
FN:9,(anonymous_3)
FN:11,(anonymous_4)
FN:12,(anonymous_5)
FN:14,(anonymous_6)
FN:16,(anonymous_7)
FN:17,(anonymous_8)
FN:20,(anonymous_9)
FN:22,(anonymous_10)
FN:23,(anonymous_11)
FN:25,(anonymous_12)
FN:27,(anonymous_13)
FN:28,(anonymous_14)
FN:30,(anonymous_15)
FN:32,(anonymous_16)
FN:33,(anonymous_17)
FNF:18
FNH:0
FNDA:0,(anonymous_0)
FNDA:0,(anonymous_1)
FNDA:0,(anonymous_2)
FNDA:0,(anonymous_3)
FNDA:0,(anonymous_4)
FNDA:0,(anonymous_5)
FNDA:0,(anonymous_6)
FNDA:0,(anonymous_7)
FNDA:0,(anonymous_8)
FNDA:0,(anonymous_9)
FNDA:0,(anonymous_10)
FNDA:0,(anonymous_11)
FNDA:0,(anonymous_12)
FNDA:0,(anonymous_13)
FNDA:0,(anonymous_14)
FNDA:0,(anonymous_15)
FNDA:0,(anonymous_16)
FNDA:0,(anonymous_17)
DA:2,1
DA:4,1
DA:5,0
DA:6,0
DA:7,0
DA:9,1
DA:10,0
DA:11,0
DA:12,0
DA:14,1
DA:15,0
DA:16,0
DA:17,0
DA:20,1
DA:21,0
DA:22,0
DA:23,0
DA:25,1
DA:26,0
DA:27,0
DA:28,0
DA:30,1
DA:31,0
DA:32,0
DA:33,0
LF:25
LH:7
BRF:0
BRH:0
end_of_record
TN:
SF:client/src/reducers/galleryReducer.js
FN:1,(anonymous_0)
FNF:1
FNH:1
FNDA:3,(anonymous_0)
DA:2,3
DA:4,0
DA:6,0
DA:8,0
DA:11,3
LF:5
LH:2
BRDA:1,0,0,3
BRDA:2,1,0,0
BRDA:2,1,1,0
BRDA:2,1,2,0
BRDA:2,1,3,3
BRF:5
BRH:2
end_of_record
TN:
SF:client/src/reducers/index.js
FNF:0
FNH:0
DA:16,1
LF:1
LH:1
BRF:0
BRH:0
end_of_record
TN:
SF:client/src/reducers/metaDataReducer.js
FN:1,(anonymous_0)
FNF:1
FNH:1
FNDA:3,(anonymous_0)
DA:2,3
DA:4,0
DA:6,3
LF:3
LH:2
BRDA:1,0,0,3
BRDA:2,1,0,0
BRDA:2,1,1,3
BRF:3
BRH:2
end_of_record
TN:
SF:client/src/reducers/productInfoReducer.js
FN:1,(anonymous_0)
FNF:1
FNH:1
FNDA:3,(anonymous_0)
DA:2,3
DA:4,0
DA:6,3
LF:3
LH:2
BRDA:1,0,0,3
BRDA:2,1,0,0
BRDA:2,1,1,3
BRF:3
BRH:2
end_of_record
TN:
SF:client/src/reducers/qListReducer.js
FN:2,(anonymous_0)
FNF:1
FNH:1
FNDA:3,(anonymous_0)
DA:2,1
DA:3,3
DA:5,0
DA:10,0
DA:16,0
DA:21,0
DA:26,0
DA:32,3
LF:8
LH:3
BRDA:2,0,0,2
BRDA:3,1,0,0
BRDA:3,1,1,0
BRDA:3,1,2,0
BRDA:3,1,3,0
BRDA:3,1,4,0
BRDA:3,1,5,3
BRF:7
BRH:2
end_of_record
TN:
SF:client/src/reducers/quantityReducer.js
FN:1,(anonymous_0)
FNF:1
FNH:1
FNDA:3,(anonymous_0)
DA:2,3
DA:4,0
DA:7,3
LF:3
LH:2
BRDA:1,0,0,3
BRDA:2,1,0,0
BRDA:2,1,1,3
BRF:3
BRH:2
end_of_record
TN:
SF:client/src/reducers/relatedProductsReducer.js
FN:1,(anonymous_0)
FNF:1
FNH:1
FNDA:3,(anonymous_0)
DA:2,3
DA:4,0
DA:6,3
LF:3
LH:2
BRDA:1,0,0,3
BRDA:2,1,0,0
BRDA:2,1,1,3
BRF:3
BRH:2
end_of_record
TN:
SF:client/src/reducers/reviewsReducer.js
FN:1,(anonymous_0)
FNF:1
FNH:1
FNDA:3,(anonymous_0)
DA:2,3
DA:4,0
DA:6,3
LF:3
LH:2
BRDA:1,0,0,3
BRDA:2,1,0,0
BRDA:2,1,1,3
BRF:3
BRH:2
end_of_record
TN:
SF:client/src/reducers/selectedSkuReducer.js
FN:1,(anonymous_0)
FNF:1
FNH:1
FNDA:3,(anonymous_0)
DA:2,3
DA:4,0
DA:7,3
LF:3
LH:2
BRDA:1,0,0,3
BRDA:2,1,0,0
BRDA:2,1,1,3
BRF:3
BRH:2
end_of_record
TN:
SF:client/src/reducers/selectedStyleReducer.js
FN:1,(anonymous_0)
FNF:1
FNH:1
FNDA:3,(anonymous_0)
DA:2,3
DA:4,0
DA:7,3
LF:3
LH:2
BRDA:1,0,0,3
BRDA:2,1,0,0
BRDA:2,1,1,3
BRF:3
BRH:2
end_of_record
TN:
SF:client/src/reducers/stylesReducer.js
FN:2,(anonymous_0)
FNF:1
FNH:1
FNDA:3,(anonymous_0)
DA:3,3
DA:5,0
DA:8,3
LF:3
LH:2
BRDA:2,0,0,3
BRDA:3,1,0,0
BRDA:3,1,1,3
BRF:3
BRH:2
end_of_record
TN:
SF:spec/sum.js
FN:1,sum
FNF:1
FNH:1
FNDA:1,sum
DA:2,1
DA:5,1
LF:2
LH:2
BRF:0
BRH:0
end_of_record
TN:
SF:test/QAtestData.js
FNF:0
FNH:0
DA:4,1
DA:85,1
LF:2
LH:2
BRF:0
BRH:0
end_of_record
